This file contains any messages produced by compilers while
running configure, to aid debugging if configure makes a mistake.

It was created by ClamAV configure 0.97.8, which was
generated by GNU Autoconf 2.63.  Invocation command line was

  $ ./configure --enable-experimental

## --------- ##
## Platform. ##
## --------- ##

hostname = Ubuntu-PC
uname -m = x86_64
uname -r = 3.8.0-27-generic
uname -s = Linux
uname -v = #40-Ubuntu SMP Tue Jul 9 00:17:05 UTC 2013

/usr/bin/uname -p = unknown
/bin/uname -X     = unknown

/bin/arch              = unknown
/usr/bin/arch -k       = unknown
/usr/convex/getsysinfo = unknown
/usr/bin/hostinfo      = unknown
/bin/machine           = unknown
/usr/bin/oslevel       = unknown
/bin/universe          = unknown

PATH: /home/henry/buildroot-2013.05/output/host/usr/bin
PATH: /usr/local/sbin
PATH: /usr/local/bin
PATH: /usr/sbin
PATH: /usr/bin
PATH: /sbin
PATH: /bin
PATH: /usr/games
PATH: /usr/local/games


## ----------- ##
## Core tests. ##
## ----------- ##

configure:2249: checking build system type
configure:2267: result: x86_64-unknown-linux-gnu
configure:2289: checking host system type
configure:2304: result: x86_64-unknown-linux-gnu
configure:2326: checking target system type
configure:2341: result: x86_64-unknown-linux-gnu
configure:2426: result: creating target.h - canonical system defines
configure:2573: checking for a BSD-compatible install
configure:2641: result: /usr/bin/install -c
configure:2652: checking whether build environment is sane
configure:2712: result: yes
configure:2853: checking for a thread-safe mkdir -p
configure:2892: result: /bin/mkdir -p
configure:2905: checking for gawk
configure:2935: result: no
configure:2905: checking for mawk
configure:2921: found /usr/bin/mawk
configure:2932: result: mawk
configure:2943: checking whether make sets $(MAKE)
configure:2965: result: yes
configure:3033: checking how to create a ustar tar archive
configure:3046: tar --version
tar (GNU tar) 1.26
Copyright (C) 2011 Free Software Foundation, Inc.
License GPLv3+: GNU GPL version 3 or later <http://gnu.org/licenses/gpl.html>.
This is free software: you are free to change and redistribute it.
There is NO WARRANTY, to the extent permitted by law.

Written by John Gilmore and Jay Fenlason.
configure:3049: $? = 0
configure:3089: tardir=conftest.dir && eval tar --format=ustar -chf - "$tardir" >conftest.tar
configure:3092: $? = 0
configure:3096: tar -xf - <conftest.tar
configure:3099: $? = 0
configure:3112: result: gnutar
configure:3150: checking for gawk
configure:3177: result: mawk
configure:3202: checking for a BSD-compatible install
configure:3270: result: /usr/bin/install -c
configure:3281: checking whether ln -s works
configure:3285: result: yes
configure:3292: checking whether make sets $(MAKE)
configure:3314: result: yes
configure:3369: checking for style of include used by make
configure:3397: result: GNU
configure:3467: checking for gcc
configure:3494: result: /home/henry/buildroot-2013.05/output/host/usr/bin/powerpc-linux-gcc
configure:3726: checking for C compiler version
configure:3734: /home/henry/buildroot-2013.05/output/host/usr/bin/powerpc-linux-gcc --version >&5
powerpc-linux-gcc (Buildroot 2013.05) 4.7.3
Copyright (C) 2012 Free Software Foundation, Inc.
This is free software; see the source for copying conditions.  There is NO
warranty; not even for MERCHANTABILITY or FITNESS FOR A PARTICULAR PURPOSE.

configure:3738: $? = 0
configure:3745: /home/henry/buildroot-2013.05/output/host/usr/bin/powerpc-linux-gcc -v >&5
Using built-in specs.
COLLECT_GCC=/home/henry/buildroot-2013.05/output/host/usr/bin/powerpc-linux-gcc
COLLECT_LTO_WRAPPER=/home/henry/buildroot-2013.05/output/host/usr/libexec/gcc/powerpc-buildroot-linux-uclibc/4.7.3/lto-wrapper
Target: powerpc-buildroot-linux-uclibc
Configured with: /home/henry/buildroot-2013.05/output/toolchain/gcc-4.7.3/configure --prefix=/home/henry/buildroot-2013.05/output/host/usr --build=x86_64-unknown-linux-gnu --host=x86_64-unknown-linux-gnu --target=powerpc-buildroot-linux-uclibc --enable-languages=c,c++ --with-sysroot=/home/henry/buildroot-2013.05/output/host/usr/powerpc-buildroot-linux-uclibc/sysroot --with-build-time-tools=/home/henry/buildroot-2013.05/output/host/usr/powerpc-buildroot-linux-uclibc/bin --disable-__cxa_atexit --disable-libquadmath --enable-libgomp --with-gnu-ld --disable-libssp --disable-multilib --enable-tls --enable-shared --with-gmp=/home/henry/buildroot-2013.05/output/host/usr --with-mpfr=/home/henry/buildroot-2013.05/output/host/usr --with-mpc=/home/henry/buildroot-2013.05/output/host/usr --disable-nls --enable-threads --disable-decimal-float --with-tune=405 --disable-largefile --with-pkgversion='Buildroot 2013.05' --with-bugurl=http://bugs.buildroot.net/
Thread model: posix
gcc version 4.7.3 (Buildroot 2013.05) 
configure:3749: $? = 0
configure:3756: /home/henry/buildroot-2013.05/output/host/usr/bin/powerpc-linux-gcc -V >&5
powerpc-linux-gcc: error: unrecognized command line option '-V'
powerpc-linux-gcc: fatal error: no input files
compilation terminated.
configure:3760: $? = 1
configure:3783: checking for C compiler default output file name
configure:3805: /home/henry/buildroot-2013.05/output/host/usr/bin/powerpc-linux-gcc    conftest.c  >&5
configure:3809: $? = 0
configure:3847: result: a.out
configure:3866: checking whether the C compiler works
configure:3876: ./a.out
./configure: line 3878: ./a.out: cannot execute binary file
configure:3880: $? = 126
configure:3887: error: in `/home/henry/buildroot-2013.05/clamav-0.97.8':
configure:3891: error: cannot run C compiled programs.
If you meant to cross compile, use `--host'.
See `config.log' for more details.

## ---------------- ##
## Cache variables. ##
## ---------------- ##

ac_cv_build=x86_64-unknown-linux-gnu
ac_cv_env_CC_set=set
ac_cv_env_CC_value=/home/henry/buildroot-2013.05/output/host/usr/bin/powerpc-linux-gcc
ac_cv_env_CFLAGS_set=
ac_cv_env_CFLAGS_value=
ac_cv_env_CPPFLAGS_set=
ac_cv_env_CPPFLAGS_value=
ac_cv_env_CPP_set=set
ac_cv_env_CPP_value=/home/henry/buildroot-2013.05/output/host/usr/bin/powerpc-linux-cpp
ac_cv_env_LDFLAGS_set=
ac_cv_env_LDFLAGS_value=
ac_cv_env_LIBS_set=
ac_cv_env_LIBS_value=
ac_cv_env_build_alias_set=
ac_cv_env_build_alias_value=
ac_cv_env_host_alias_set=
ac_cv_env_host_alias_value=
ac_cv_env_target_alias_set=
ac_cv_env_target_alias_value=
ac_cv_host=x86_64-unknown-linux-gnu
ac_cv_path_install='/usr/bin/install -c'
ac_cv_path_mkdir=/bin/mkdir
ac_cv_prog_AWK=mawk
ac_cv_prog_ac_ct_CC=/home/henry/buildroot-2013.05/output/host/usr/bin/powerpc-linux-gcc
ac_cv_prog_make_make_set=yes
ac_cv_target=x86_64-unknown-linux-gnu
am_cv_prog_tar_ustar=gnutar

## ----------------- ##
## Output variables. ##
## ----------------- ##

ACLOCAL='${SHELL} /home/henry/buildroot-2013.05/clamav-0.97.8/config/missing --run aclocal-1.11'
AMDEPBACKSLASH='\'
AMDEP_FALSE='#'
AMDEP_TRUE=''
AMTAR='${SHELL} /home/henry/buildroot-2013.05/clamav-0.97.8/config/missing --run tar'
AM_BACKSLASH='\'
AM_DEFAULT_VERBOSITY='0'
AR='/home/henry/buildroot-2013.05/output/host/usr/bin/powerpc-linux-ar'
ARGZ_H=''
AUTOCONF='${SHELL} /home/henry/buildroot-2013.05/clamav-0.97.8/config/missing --run autoconf'
AUTOHEADER='${SHELL} /home/henry/buildroot-2013.05/clamav-0.97.8/config/missing --run autoheader'
AUTOMAKE='${SHELL} /home/henry/buildroot-2013.05/clamav-0.97.8/config/missing --run automake-1.11'
AWK='mawk'
BUILD_CLAMD_FALSE=''
BUILD_CLAMD_TRUE=''
BUILD_CONFIGURE_FLAGS=''
CC='/home/henry/buildroot-2013.05/output/host/usr/bin/powerpc-linux-gcc'
CCDEPMODE=''
CFGDIR=''
CFLAGS=''
CHECK_CPPFLAGS=''
CHECK_LIBS=''
CLAMAVGROUP=''
CLAMAVUSER=''
CLAMAV_MILTER_LIBS=''
CLAMDSCAN_LIBS=''
CLAMD_LIBS=''
CONVENIENCE_LTDL_FALSE=''
CONVENIENCE_LTDL_TRUE=''
CPP='/home/henry/buildroot-2013.05/output/host/usr/bin/powerpc-linux-cpp'
CPPFLAGS=''
CURSES_CPPFLAGS=''
CURSES_LIBS=''
CYGPATH_W='echo'
DBDIR=''
DEFS=''
DEPDIR='.deps'
DSYMUTIL=''
DUMPBIN=''
ECHO_C=''
ECHO_N='-n'
ECHO_T=''
EGREP=''
ENABLE_COVERAGE_FALSE=''
ENABLE_COVERAGE_TRUE=''
ENABLE_LLVM_FALSE=''
ENABLE_LLVM_TRUE=''
ENABLE_UNRAR_FALSE=''
ENABLE_UNRAR_TRUE=''
EXEEXT=''
FGREP=''
FRESHCLAM_LIBS=''
GCOV=''
GENHTML=''
GETENT=''
GPERF=''
GREP=''
HAVE_CURSES_FALSE=''
HAVE_CURSES_TRUE=''
HAVE_LIBCHECK_FALSE=''
HAVE_LIBCHECK_TRUE=''
HAVE_MILTER_FALSE=''
HAVE_MILTER_TRUE=''
INCLTDL=''
INSTALL_DATA='${INSTALL} -m 644'
INSTALL_LTDL_FALSE=''
INSTALL_LTDL_TRUE=''
INSTALL_PROGRAM='${INSTALL}'
INSTALL_SCRIPT='${INSTALL}'
INSTALL_STRIP_PROGRAM='$(install_sh) -c -s'
LCOV=''
LD='/home/henry/buildroot-2013.05/output/host/usr/bin/powerpc-linux-ld'
LDFLAGS=''
LIBADD_DL=''
LIBADD_DLD_LINK=''
LIBADD_DLOPEN=''
LIBADD_SHL_LOAD=''
LIBBZ2=''
LIBBZ2_PREFIX=''
LIBCLAMAV_LIBS=''
LIBCLAMAV_VERSION='7:17:1'
LIBLTDL=''
LIBM=''
LIBOBJS=''
LIBS=''
LIBTOOL=''
LINK_TOMMATH_FALSE=''
LINK_TOMMATH_TRUE=''
LIPO=''
LN_S='ln -s'
LTDLDEPS=''
LTDLINCL=''
LTDLOPEN=''
LTLIBBZ2=''
LTLIBOBJS=''
LT_CONFIG_H=''
LT_DLLOADERS=''
LT_DLPREOPEN=''
MAINT=''
MAINTAINER_MODE_FALSE=''
MAINTAINER_MODE_TRUE=''
MAKEINFO='${SHELL} /home/henry/buildroot-2013.05/clamav-0.97.8/config/missing --run makeinfo'
MKDIR_P='/bin/mkdir -p'
NM='/home/henry/buildroot-2013.05/output/host/usr/bin/powerpc-linux-nm'
NMEDIT=''
OBJDUMP=''
OBJEXT=''
OTOOL64=''
OTOOL=''
PACKAGE='clamav'
PACKAGE_BUGREPORT='http://bugs.clamav.net/'
PACKAGE_NAME='ClamAV'
PACKAGE_STRING='ClamAV 0.97.8'
PACKAGE_TARNAME='clamav'
PACKAGE_VERSION='0.97.8'
PATH_SEPARATOR=':'
RANLIB=''
SED=''
SET_MAKE=''
SHELL='/bin/bash'
STRIP=''
THREAD_LIBS=''
TH_SAFE=''
VERSION='0.97.8'
VERSIONSCRIPTFLAG=''
VERSIONSCRIPT_FALSE=''
VERSIONSCRIPT_TRUE=''
ac_ct_CC='/home/henry/buildroot-2013.05/output/host/usr/bin/powerpc-linux-gcc'
ac_ct_DUMPBIN=''
am__EXEEXT_FALSE=''
am__EXEEXT_TRUE=''
am__fastdepCC_FALSE=''
am__fastdepCC_TRUE=''
am__include='include'
am__isrc=''
am__leading_dot='.'
am__quote=''
am__tar='tar --format=ustar -chf - "$$tardir"'
am__untar='tar -xf -'
bindir='${exec_prefix}/bin'
build='x86_64-unknown-linux-gnu'
build_alias=''
build_cpu='x86_64'
build_os='linux-gnu'
build_vendor='unknown'
datadir='${datarootdir}'
datarootdir='${prefix}/share'
docdir='${datarootdir}/doc/${PACKAGE_TARNAME}'
dvidir='${docdir}'
exec_prefix='NONE'
host='x86_64-unknown-linux-gnu'
host_alias=''
host_cpu='x86_64'
host_os='linux-gnu'
host_vendor='unknown'
htmldir='${docdir}'
includedir='${prefix}/include'
infodir='${datarootdir}/info'
install_sh='${SHELL} /home/henry/buildroot-2013.05/clamav-0.97.8/config/install-sh'
libdir='${exec_prefix}/lib'
libexecdir='${exec_prefix}/libexec'
localedir='${datarootdir}/locale'
localstatedir='${prefix}/var'
lt_ECHO='echo'
ltdl_LIBOBJS=''
ltdl_LTLIBOBJS=''
mandir='${datarootdir}/man'
mkdir_p='/bin/mkdir -p'
oldincludedir='/usr/include'
pdfdir='${docdir}'
prefix='NONE'
program_transform_name='s,x,x,'
psdir='${docdir}'
sbindir='${exec_prefix}/sbin'
sharedstatedir='${prefix}/com'
subdirs=''
sys_symbol_underscore=''
sysconfdir='${prefix}/etc'
target='x86_64-unknown-linux-gnu'
target_alias=''
target_cpu='x86_64'
target_os='linux-gnu'
target_vendor='unknown'

## ----------- ##
## confdefs.h. ##
## ----------- ##

#define PACKAGE_NAME "ClamAV"
#define PACKAGE_TARNAME "clamav"
#define PACKAGE_VERSION "0.97.8"
#define PACKAGE_STRING "ClamAV 0.97.8"
#define PACKAGE_BUGREPORT "http://bugs.clamav.net/"
#define PACKAGE PACKAGE_NAME

configure: exit 1
