This is pdfTeX, Version 3.1415926-2.4-1.40.13 (TeX Live 2012/Debian) (format=pdflatex 2013.8.11)  21 AUG 2013 11:10
entering extended mode
 restricted \write18 enabled.
 %&-line parsing enabled.
**PT_02.tex
(./PT_02.tex
LaTeX2e <2011/06/27>
Babel <v3.8m> and hyphenation patterns for english, dumylang, nohyphenation, et
hiopic, farsi, arabic, pinyin, croatian, bulgarian, ukrainian, russian, slovak,
 czech, danish, dutch, usenglishmax, ukenglish, finnish, french, basque, ngerma
n, german, swissgerman, ngerman-x-2012-05-30, german-x-2012-05-30, monogreek, g
reek, ibycus, ancientgreek, hungarian, bengali, tamil, hindi, telugu, gujarati,
 sanskrit, malayalam, kannada, assamese, marathi, oriya, panjabi, italian, lati
n, latvian, lithuanian, mongolian, mongolianlmc, nynorsk, bokmal, indonesian, e
speranto, coptic, welsh, irish, interlingua, serbian, serbianc, slovenian, friu
lan, romansh, estonian, romanian, armenian, uppersorbian, turkish, afrikaans, i
celandic, kurmanji, polish, portuguese, galician, catalan, spanish, swedish, th
ai, loaded.
(./ezthesis.cls
Document Class: ezthesis 2007/08/08 A custom thesis class
(/usr/share/texlive/texmf-dist/tex/latex/base/report.cls
Document Class: report 2007/10/19 v1.4h Standard LaTeX document class
(/usr/share/texlive/texmf-dist/tex/latex/base/size12.clo
File: size12.clo 2007/10/19 v1.4h Standard LaTeX file (size option)
)
\c@part=\count79
\c@chapter=\count80
\c@section=\count81
\c@subsection=\count82
\c@subsubsection=\count83
\c@paragraph=\count84
\c@subparagraph=\count85
\c@figure=\count86
\c@table=\count87
\abovecaptionskip=\skip41
\belowcaptionskip=\skip42
\bibindent=\dimen102
)
(/var/lib/texmf/tex/generic/babel/babel.sty
Package: babel 2008/07/08 v3.8m The Babel package

(/usr/share/texlive/texmf-dist/tex/generic/babel/spanish.ldf
Language: spanish.ldf 2011/10/06 v5.0k Spanish support from the babel system

(/usr/share/texlive/texmf-dist/tex/generic/babel/babel.def
File: babel.def 2008/07/08 v3.8m Babel common definitions
\babel@savecnt=\count88
\U@D=\dimen103
)
\es@datefmt=\count89
\es@quottoks=\toks14
\es@quotdepth=\count90
Package babel Info: Making " an active character on input line 496.
Package babel Info: Making . an active character on input line 599.
Package babel Info: Making < an active character on input line 644.
Package babel Info: Making > an active character on input line 644.
Package babel Info: Making ' an active character on input line 671.
))
\hours=\count91
\minutes=\count92

(/usr/share/texlive/texmf-dist/tex/latex/setspace/setspace.sty
Package: setspace 2011/12/19 v6.7a set line spacing
)
(/usr/share/texlive/texmf-dist/tex/latex/geometry/geometry.sty
Package: geometry 2010/09/12 v5.6 Page Geometry

(/usr/share/texlive/texmf-dist/tex/latex/graphics/keyval.sty
Package: keyval 1999/03/16 v1.13 key=value parser (DPC)
\KV@toks@=\toks15
)
(/usr/share/texlive/texmf-dist/tex/generic/oberdiek/ifpdf.sty
Package: ifpdf 2011/01/30 v2.3 Provides the ifpdf switch (HO)
Package ifpdf Info: pdfTeX in PDF mode is detected.
)
(/usr/share/texlive/texmf-dist/tex/generic/oberdiek/ifvtex.sty
Package: ifvtex 2010/03/01 v1.5 Detect VTeX and its facilities (HO)
Package ifvtex Info: VTeX not detected.
)
(/usr/share/texlive/texmf-dist/tex/generic/ifxetex/ifxetex.sty
Package: ifxetex 2010/09/12 v0.6 Provides ifxetex conditional
)
\Gm@cnth=\count93
\Gm@cntv=\count94
\c@Gm@tempcnt=\count95
\Gm@bindingoffset=\dimen104
\Gm@wd@mp=\dimen105
\Gm@odd@mp=\dimen106
\Gm@even@mp=\dimen107
\Gm@layoutwidth=\dimen108
\Gm@layoutheight=\dimen109
\Gm@layouthoffset=\dimen110
\Gm@layoutvoffset=\dimen111
\Gm@dimlist=\toks16
)
(/usr/share/texlive/texmf-dist/tex/latex/fancyhdr/fancyhdr.sty
\fancy@headwidth=\skip43
\f@ncyO@elh=\skip44
\f@ncyO@erh=\skip45
\f@ncyO@olh=\skip46
\f@ncyO@orh=\skip47
\f@ncyO@elf=\skip48
\f@ncyO@erf=\skip49
\f@ncyO@olf=\skip50
\f@ncyO@orf=\skip51
)
(/usr/share/texlive/texmf-dist/tex/latex/natbib/natbib.sty
Package: natbib 2010/09/13 8.31b (PWD, AO)
\bibhang=\skip52
\bibsep=\skip53
LaTeX Info: Redefining \cite on input line 694.
\c@NAT@ctr=\count96
)
(/usr/share/texlive/texmf-dist/tex/latex/graphics/graphicx.sty
Package: graphicx 1999/02/16 v1.0f Enhanced LaTeX Graphics (DPC,SPQR)

(/usr/share/texlive/texmf-dist/tex/latex/graphics/graphics.sty
Package: graphics 2009/02/05 v1.0o Standard LaTeX Graphics (DPC,SPQR)

(/usr/share/texlive/texmf-dist/tex/latex/graphics/trig.sty
Package: trig 1999/03/16 v1.09 sin cos tan (DPC)
)
(/usr/share/texlive/texmf-dist/tex/latex/latexconfig/graphics.cfg
File: graphics.cfg 2010/04/23 v1.9 graphics configuration of TeX Live
)
Package graphics Info: Driver file: pdftex.def on input line 91.

(/usr/share/texlive/texmf-dist/tex/latex/pdftex-def/pdftex.def
File: pdftex.def 2011/05/27 v0.06d Graphics/color for pdfTeX

(/usr/share/texlive/texmf-dist/tex/generic/oberdiek/infwarerr.sty
Package: infwarerr 2010/04/08 v1.3 Providing info/warning/error messages (HO)
)
(/usr/share/texlive/texmf-dist/tex/generic/oberdiek/ltxcmds.sty
Package: ltxcmds 2011/11/09 v1.22 LaTeX kernel commands for general use (HO)
)
\Gread@gobject=\count97
))
\Gin@req@height=\dimen112
\Gin@req@width=\dimen113
)
(/usr/share/texmf/tex/latex/xcolor/xcolor.sty
Package: xcolor 2007/01/21 v2.11 LaTeX color extensions (UK)

(/usr/share/texlive/texmf-dist/tex/latex/latexconfig/color.cfg
File: color.cfg 2007/01/18 v1.5 color configuration of teTeX/TeXLive
)
Package xcolor Info: Driver file: pdftex.def on input line 225.
Package xcolor Info: Model `cmy' substituted by `cmy0' on input line 1337.
Package xcolor Info: Model `hsb' substituted by `rgb' on input line 1341.
Package xcolor Info: Model `RGB' extended on input line 1353.
Package xcolor Info: Model `HTML' substituted by `rgb' on input line 1355.
Package xcolor Info: Model `Hsb' substituted by `hsb' on input line 1356.
Package xcolor Info: Model `tHsb' substituted by `hsb' on input line 1357.
Package xcolor Info: Model `HSB' substituted by `hsb' on input line 1358.
Package xcolor Info: Model `Gray' substituted by `gray' on input line 1359.
Package xcolor Info: Model `wave' substituted by `hsb' on input line 1360.
))
(/usr/share/texlive/texmf-dist/tex/latex/base/fontenc.sty
Package: fontenc 2005/09/27 v1.99g Standard LaTeX package

(/usr/share/texlive/texmf-dist/tex/latex/base/t1enc.def
File: t1enc.def 2005/09/27 v1.99g Standard LaTeX file
LaTeX Font Info:    Redeclaring font encoding T1 on input line 43.
))
(/usr/share/texlive/texmf-dist/tex/latex/base/inputenc.sty
Package: inputenc 2008/03/30 v1.1d Input encoding file
\inpenc@prehook=\toks17
\inpenc@posthook=\toks18

(/usr/share/texlive/texmf-dist/tex/latex/base/utf8.def
File: utf8.def 2008/04/05 v1.1m UTF-8 support for inputenc
Now handling font encoding OML ...
... no UTF-8 mapping file for font encoding OML
Now handling font encoding T1 ...
... processing UTF-8 mapping file for font encoding T1

(/usr/share/texlive/texmf-dist/tex/latex/base/t1enc.dfu
File: t1enc.dfu 2008/04/05 v1.1m UTF-8 support for inputenc
   defining Unicode char U+00A1 (decimal 161)
   defining Unicode char U+00A3 (decimal 163)
   defining Unicode char U+00AB (decimal 171)
   defining Unicode char U+00BB (decimal 187)
   defining Unicode char U+00BF (decimal 191)
   defining Unicode char U+00C0 (decimal 192)
   defining Unicode char U+00C1 (decimal 193)
   defining Unicode char U+00C2 (decimal 194)
   defining Unicode char U+00C3 (decimal 195)
   defining Unicode char U+00C4 (decimal 196)
   defining Unicode char U+00C5 (decimal 197)
   defining Unicode char U+00C6 (decimal 198)
   defining Unicode char U+00C7 (decimal 199)
   defining Unicode char U+00C8 (decimal 200)
   defining Unicode char U+00C9 (decimal 201)
   defining Unicode char U+00CA (decimal 202)
   defining Unicode char U+00CB (decimal 203)
   defining Unicode char U+00CC (decimal 204)
   defining Unicode char U+00CD (decimal 205)
   defining Unicode char U+00CE (decimal 206)
   defining Unicode char U+00CF (decimal 207)
   defining Unicode char U+00D0 (decimal 208)
   defining Unicode char U+00D1 (decimal 209)
   defining Unicode char U+00D2 (decimal 210)
   defining Unicode char U+00D3 (decimal 211)
   defining Unicode char U+00D4 (decimal 212)
   defining Unicode char U+00D5 (decimal 213)
   defining Unicode char U+00D6 (decimal 214)
   defining Unicode char U+00D8 (decimal 216)
   defining Unicode char U+00D9 (decimal 217)
   defining Unicode char U+00DA (decimal 218)
   defining Unicode char U+00DB (decimal 219)
   defining Unicode char U+00DC (decimal 220)
   defining Unicode char U+00DD (decimal 221)
   defining Unicode char U+00DE (decimal 222)
   defining Unicode char U+00DF (decimal 223)
   defining Unicode char U+00E0 (decimal 224)
   defining Unicode char U+00E1 (decimal 225)
   defining Unicode char U+00E2 (decimal 226)
   defining Unicode char U+00E3 (decimal 227)
   defining Unicode char U+00E4 (decimal 228)
   defining Unicode char U+00E5 (decimal 229)
   defining Unicode char U+00E6 (decimal 230)
   defining Unicode char U+00E7 (decimal 231)
   defining Unicode char U+00E8 (decimal 232)
   defining Unicode char U+00E9 (decimal 233)
   defining Unicode char U+00EA (decimal 234)
   defining Unicode char U+00EB (decimal 235)
   defining Unicode char U+00EC (decimal 236)
   defining Unicode char U+00ED (decimal 237)
   defining Unicode char U+00EE (decimal 238)
   defining Unicode char U+00EF (decimal 239)
   defining Unicode char U+00F0 (decimal 240)
   defining Unicode char U+00F1 (decimal 241)
   defining Unicode char U+00F2 (decimal 242)
   defining Unicode char U+00F3 (decimal 243)
   defining Unicode char U+00F4 (decimal 244)
   defining Unicode char U+00F5 (decimal 245)
   defining Unicode char U+00F6 (decimal 246)
   defining Unicode char U+00F8 (decimal 248)
   defining Unicode char U+00F9 (decimal 249)
   defining Unicode char U+00FA (decimal 250)
   defining Unicode char U+00FB (decimal 251)
   defining Unicode char U+00FC (decimal 252)
   defining Unicode char U+00FD (decimal 253)
   defining Unicode char U+00FE (decimal 254)
   defining Unicode char U+00FF (decimal 255)
   defining Unicode char U+0102 (decimal 258)
   defining Unicode char U+0103 (decimal 259)
   defining Unicode char U+0104 (decimal 260)
   defining Unicode char U+0105 (decimal 261)
   defining Unicode char U+0106 (decimal 262)
   defining Unicode char U+0107 (decimal 263)
   defining Unicode char U+010C (decimal 268)
   defining Unicode char U+010D (decimal 269)
   defining Unicode char U+010E (decimal 270)
   defining Unicode char U+010F (decimal 271)
   defining Unicode char U+0110 (decimal 272)
   defining Unicode char U+0111 (decimal 273)
   defining Unicode char U+0118 (decimal 280)
   defining Unicode char U+0119 (decimal 281)
   defining Unicode char U+011A (decimal 282)
   defining Unicode char U+011B (decimal 283)
   defining Unicode char U+011E (decimal 286)
   defining Unicode char U+011F (decimal 287)
   defining Unicode char U+0130 (decimal 304)
   defining Unicode char U+0131 (decimal 305)
   defining Unicode char U+0132 (decimal 306)
   defining Unicode char U+0133 (decimal 307)
   defining Unicode char U+0139 (decimal 313)
   defining Unicode char U+013A (decimal 314)
   defining Unicode char U+013D (decimal 317)
   defining Unicode char U+013E (decimal 318)
   defining Unicode char U+0141 (decimal 321)
   defining Unicode char U+0142 (decimal 322)
   defining Unicode char U+0143 (decimal 323)
   defining Unicode char U+0144 (decimal 324)
   defining Unicode char U+0147 (decimal 327)
   defining Unicode char U+0148 (decimal 328)
   defining Unicode char U+014A (decimal 330)
   defining Unicode char U+014B (decimal 331)
   defining Unicode char U+0150 (decimal 336)
   defining Unicode char U+0151 (decimal 337)
   defining Unicode char U+0152 (decimal 338)
   defining Unicode char U+0153 (decimal 339)
   defining Unicode char U+0154 (decimal 340)
   defining Unicode char U+0155 (decimal 341)
   defining Unicode char U+0158 (decimal 344)
   defining Unicode char U+0159 (decimal 345)
   defining Unicode char U+015A (decimal 346)
   defining Unicode char U+015B (decimal 347)
   defining Unicode char U+015E (decimal 350)
   defining Unicode char U+015F (decimal 351)
   defining Unicode char U+0160 (decimal 352)
   defining Unicode char U+0161 (decimal 353)
   defining Unicode char U+0162 (decimal 354)
   defining Unicode char U+0163 (decimal 355)
   defining Unicode char U+0164 (decimal 356)
   defining Unicode char U+0165 (decimal 357)
   defining Unicode char U+016E (decimal 366)
   defining Unicode char U+016F (decimal 367)
   defining Unicode char U+0170 (decimal 368)
   defining Unicode char U+0171 (decimal 369)
   defining Unicode char U+0178 (decimal 376)
   defining Unicode char U+0179 (decimal 377)
   defining Unicode char U+017A (decimal 378)
   defining Unicode char U+017B (decimal 379)
   defining Unicode char U+017C (decimal 380)
   defining Unicode char U+017D (decimal 381)
   defining Unicode char U+017E (decimal 382)
   defining Unicode char U+200C (decimal 8204)
   defining Unicode char U+2013 (decimal 8211)
   defining Unicode char U+2014 (decimal 8212)
   defining Unicode char U+2018 (decimal 8216)
   defining Unicode char U+2019 (decimal 8217)
   defining Unicode char U+201A (decimal 8218)
   defining Unicode char U+201C (decimal 8220)
   defining Unicode char U+201D (decimal 8221)
   defining Unicode char U+201E (decimal 8222)
   defining Unicode char U+2030 (decimal 8240)
   defining Unicode char U+2031 (decimal 8241)
   defining Unicode char U+2039 (decimal 8249)
   defining Unicode char U+203A (decimal 8250)
   defining Unicode char U+2423 (decimal 9251)
)
Now handling font encoding OT1 ...
... processing UTF-8 mapping file for font encoding OT1

(/usr/share/texlive/texmf-dist/tex/latex/base/ot1enc.dfu
File: ot1enc.dfu 2008/04/05 v1.1m UTF-8 support for inputenc
   defining Unicode char U+00A1 (decimal 161)
   defining Unicode char U+00A3 (decimal 163)
   defining Unicode char U+00B8 (decimal 184)
   defining Unicode char U+00BF (decimal 191)
   defining Unicode char U+00C5 (decimal 197)
   defining Unicode char U+00C6 (decimal 198)
   defining Unicode char U+00D8 (decimal 216)
   defining Unicode char U+00DF (decimal 223)
   defining Unicode char U+00E6 (decimal 230)
   defining Unicode char U+00EC (decimal 236)
   defining Unicode char U+00ED (decimal 237)
   defining Unicode char U+00EE (decimal 238)
   defining Unicode char U+00EF (decimal 239)
   defining Unicode char U+00F8 (decimal 248)
   defining Unicode char U+0131 (decimal 305)
   defining Unicode char U+0141 (decimal 321)
   defining Unicode char U+0142 (decimal 322)
   defining Unicode char U+0152 (decimal 338)
   defining Unicode char U+0153 (decimal 339)
   defining Unicode char U+2013 (decimal 8211)
   defining Unicode char U+2014 (decimal 8212)
   defining Unicode char U+2018 (decimal 8216)
   defining Unicode char U+2019 (decimal 8217)
   defining Unicode char U+201C (decimal 8220)
   defining Unicode char U+201D (decimal 8221)
)
Now handling font encoding OMS ...
... processing UTF-8 mapping file for font encoding OMS

(/usr/share/texlive/texmf-dist/tex/latex/base/omsenc.dfu
File: omsenc.dfu 2008/04/05 v1.1m UTF-8 support for inputenc
   defining Unicode char U+00A7 (decimal 167)
   defining Unicode char U+00B6 (decimal 182)
   defining Unicode char U+00B7 (decimal 183)
   defining Unicode char U+2020 (decimal 8224)
   defining Unicode char U+2021 (decimal 8225)
   defining Unicode char U+2022 (decimal 8226)
)
Now handling font encoding OMX ...
... no UTF-8 mapping file for font encoding OMX
Now handling font encoding U ...
... no UTF-8 mapping file for font encoding U
   defining Unicode char U+00A9 (decimal 169)
   defining Unicode char U+00AA (decimal 170)
   defining Unicode char U+00AE (decimal 174)
   defining Unicode char U+00BA (decimal 186)
   defining Unicode char U+02C6 (decimal 710)
   defining Unicode char U+02DC (decimal 732)
   defining Unicode char U+200C (decimal 8204)
   defining Unicode char U+2026 (decimal 8230)
   defining Unicode char U+2122 (decimal 8482)
   defining Unicode char U+2423 (decimal 9251)
))
(/usr/share/texmf/tex/latex/lm/lmodern.sty
Package: lmodern 2009/10/30 v1.6 Latin Modern Fonts
LaTeX Font Info:    Overwriting symbol font `operators' in version `normal'
(Font)                  OT1/cmr/m/n --> OT1/lmr/m/n on input line 22.
LaTeX Font Info:    Overwriting symbol font `letters' in version `normal'
(Font)                  OML/cmm/m/it --> OML/lmm/m/it on input line 23.
LaTeX Font Info:    Overwriting symbol font `symbols' in version `normal'
(Font)                  OMS/cmsy/m/n --> OMS/lmsy/m/n on input line 24.
LaTeX Font Info:    Overwriting symbol font `largesymbols' in version `normal'
(Font)                  OMX/cmex/m/n --> OMX/lmex/m/n on input line 25.
LaTeX Font Info:    Overwriting symbol font `operators' in version `bold'
(Font)                  OT1/cmr/bx/n --> OT1/lmr/bx/n on input line 26.
LaTeX Font Info:    Overwriting symbol font `letters' in version `bold'
(Font)                  OML/cmm/b/it --> OML/lmm/b/it on input line 27.
LaTeX Font Info:    Overwriting symbol font `symbols' in version `bold'
(Font)                  OMS/cmsy/b/n --> OMS/lmsy/b/n on input line 28.
LaTeX Font Info:    Overwriting symbol font `largesymbols' in version `bold'
(Font)                  OMX/cmex/m/n --> OMX/lmex/m/n on input line 29.
LaTeX Font Info:    Overwriting math alphabet `\mathbf' in version `normal'
(Font)                  OT1/cmr/bx/n --> OT1/lmr/bx/n on input line 31.
LaTeX Font Info:    Overwriting math alphabet `\mathsf' in version `normal'
(Font)                  OT1/cmss/m/n --> OT1/lmss/m/n on input line 32.
LaTeX Font Info:    Overwriting math alphabet `\mathit' in version `normal'
(Font)                  OT1/cmr/m/it --> OT1/lmr/m/it on input line 33.
LaTeX Font Info:    Overwriting math alphabet `\mathtt' in version `normal'
(Font)                  OT1/cmtt/m/n --> OT1/lmtt/m/n on input line 34.
LaTeX Font Info:    Overwriting math alphabet `\mathbf' in version `bold'
(Font)                  OT1/cmr/bx/n --> OT1/lmr/bx/n on input line 35.
LaTeX Font Info:    Overwriting math alphabet `\mathsf' in version `bold'
(Font)                  OT1/cmss/bx/n --> OT1/lmss/bx/n on input line 36.
LaTeX Font Info:    Overwriting math alphabet `\mathit' in version `bold'
(Font)                  OT1/cmr/bx/it --> OT1/lmr/bx/it on input line 37.
LaTeX Font Info:    Overwriting math alphabet `\mathtt' in version `bold'
(Font)                  OT1/cmtt/m/n --> OT1/lmtt/m/n on input line 38.
)
(/usr/share/texlive/texmf-dist/tex/latex/url/url.sty
\Urlmuskip=\muskip10
Package: url 2006/04/12  ver 3.3  Verb mode for urls, etc.
)
(/usr/share/texlive/texmf-dist/tex/latex/upquote/upquote.sty
Package: upquote 2012/04/19 v1.3 upright-quote and grave-accent glyphs in verba
tim

(/usr/share/texlive/texmf-dist/tex/latex/base/textcomp.sty
Package: textcomp 2005/09/27 v1.99g Standard LaTeX package
Package textcomp Info: Sub-encoding information:
(textcomp)               5 = only ISO-Adobe without \textcurrency
(textcomp)               4 = 5 + \texteuro
(textcomp)               3 = 4 + \textohm
(textcomp)               2 = 3 + \textestimated + \textcurrency
(textcomp)               1 = TS1 - \textcircled - \t
(textcomp)               0 = TS1 (full)
(textcomp)             Font families with sub-encoding setting implement
(textcomp)             only a restricted character set as indicated.
(textcomp)             Family '?' is the default used for unknown fonts.
(textcomp)             See the documentation for details.
Package textcomp Info: Setting ? sub-encoding to TS1/1 on input line 71.

(/usr/share/texlive/texmf-dist/tex/latex/base/ts1enc.def
File: ts1enc.def 2001/06/05 v3.0e (jk/car/fm) Standard LaTeX file
Now handling font encoding TS1 ...
... processing UTF-8 mapping file for font encoding TS1

(/usr/share/texlive/texmf-dist/tex/latex/base/ts1enc.dfu
File: ts1enc.dfu 2008/04/05 v1.1m UTF-8 support for inputenc
   defining Unicode char U+00A2 (decimal 162)
   defining Unicode char U+00A3 (decimal 163)
   defining Unicode char U+00A4 (decimal 164)
   defining Unicode char U+00A5 (decimal 165)
   defining Unicode char U+00A6 (decimal 166)
   defining Unicode char U+00A7 (decimal 167)
   defining Unicode char U+00A8 (decimal 168)
   defining Unicode char U+00A9 (decimal 169)
   defining Unicode char U+00AA (decimal 170)
   defining Unicode char U+00AC (decimal 172)
   defining Unicode char U+00AE (decimal 174)
   defining Unicode char U+00AF (decimal 175)
   defining Unicode char U+00B0 (decimal 176)
   defining Unicode char U+00B1 (decimal 177)
   defining Unicode char U+00B2 (decimal 178)
   defining Unicode char U+00B3 (decimal 179)
   defining Unicode char U+00B4 (decimal 180)
   defining Unicode char U+00B5 (decimal 181)
   defining Unicode char U+00B6 (decimal 182)
   defining Unicode char U+00B7 (decimal 183)
   defining Unicode char U+00B9 (decimal 185)
   defining Unicode char U+00BA (decimal 186)
   defining Unicode char U+00BC (decimal 188)
   defining Unicode char U+00BD (decimal 189)
   defining Unicode char U+00BE (decimal 190)
   defining Unicode char U+00D7 (decimal 215)
   defining Unicode char U+00F7 (decimal 247)
   defining Unicode char U+0192 (decimal 402)
   defining Unicode char U+02C7 (decimal 711)
   defining Unicode char U+02D8 (decimal 728)
   defining Unicode char U+02DD (decimal 733)
   defining Unicode char U+0E3F (decimal 3647)
   defining Unicode char U+2016 (decimal 8214)
   defining Unicode char U+2020 (decimal 8224)
   defining Unicode char U+2021 (decimal 8225)
   defining Unicode char U+2022 (decimal 8226)
   defining Unicode char U+2030 (decimal 8240)
   defining Unicode char U+2031 (decimal 8241)
   defining Unicode char U+203B (decimal 8251)
   defining Unicode char U+203D (decimal 8253)
   defining Unicode char U+2044 (decimal 8260)
   defining Unicode char U+204E (decimal 8270)
   defining Unicode char U+2052 (decimal 8274)
   defining Unicode char U+20A1 (decimal 8353)
   defining Unicode char U+20A4 (decimal 8356)
   defining Unicode char U+20A6 (decimal 8358)
   defining Unicode char U+20A9 (decimal 8361)
   defining Unicode char U+20AB (decimal 8363)
   defining Unicode char U+20AC (decimal 8364)
   defining Unicode char U+20B1 (decimal 8369)
   defining Unicode char U+2103 (decimal 8451)
   defining Unicode char U+2116 (decimal 8470)
   defining Unicode char U+2117 (decimal 8471)
   defining Unicode char U+211E (decimal 8478)
   defining Unicode char U+2120 (decimal 8480)
   defining Unicode char U+2122 (decimal 8482)
   defining Unicode char U+2126 (decimal 8486)
   defining Unicode char U+2127 (decimal 8487)
   defining Unicode char U+212E (decimal 8494)
   defining Unicode char U+2190 (decimal 8592)
   defining Unicode char U+2191 (decimal 8593)
   defining Unicode char U+2192 (decimal 8594)
   defining Unicode char U+2193 (decimal 8595)
   defining Unicode char U+2329 (decimal 9001)
   defining Unicode char U+232A (decimal 9002)
   defining Unicode char U+2422 (decimal 9250)
   defining Unicode char U+25E6 (decimal 9702)
   defining Unicode char U+25EF (decimal 9711)
   defining Unicode char U+266A (decimal 9834)
))
LaTeX Info: Redefining \oldstylenums on input line 266.
Package textcomp Info: Setting cmr sub-encoding to TS1/0 on input line 281.
Package textcomp Info: Setting cmss sub-encoding to TS1/0 on input line 282.
Package textcomp Info: Setting cmtt sub-encoding to TS1/0 on input line 283.
Package textcomp Info: Setting cmvtt sub-encoding to TS1/0 on input line 284.
Package textcomp Info: Setting cmbr sub-encoding to TS1/0 on input line 285.
Package textcomp Info: Setting cmtl sub-encoding to TS1/0 on input line 286.
Package textcomp Info: Setting ccr sub-encoding to TS1/0 on input line 287.
Package textcomp Info: Setting ptm sub-encoding to TS1/4 on input line 288.
Package textcomp Info: Setting pcr sub-encoding to TS1/4 on input line 289.
Package textcomp Info: Setting phv sub-encoding to TS1/4 on input line 290.
Package textcomp Info: Setting ppl sub-encoding to TS1/3 on input line 291.
Package textcomp Info: Setting pag sub-encoding to TS1/4 on input line 292.
Package textcomp Info: Setting pbk sub-encoding to TS1/4 on input line 293.
Package textcomp Info: Setting pnc sub-encoding to TS1/4 on input line 294.
Package textcomp Info: Setting pzc sub-encoding to TS1/4 on input line 295.
Package textcomp Info: Setting bch sub-encoding to TS1/4 on input line 296.
Package textcomp Info: Setting put sub-encoding to TS1/5 on input line 297.
Package textcomp Info: Setting uag sub-encoding to TS1/5 on input line 298.
Package textcomp Info: Setting ugq sub-encoding to TS1/5 on input line 299.
Package textcomp Info: Setting ul8 sub-encoding to TS1/4 on input line 300.
Package textcomp Info: Setting ul9 sub-encoding to TS1/4 on input line 301.
Package textcomp Info: Setting augie sub-encoding to TS1/5 on input line 302.
Package textcomp Info: Setting dayrom sub-encoding to TS1/3 on input line 303.
Package textcomp Info: Setting dayroms sub-encoding to TS1/3 on input line 304.

Package textcomp Info: Setting pxr sub-encoding to TS1/0 on input line 305.
Package textcomp Info: Setting pxss sub-encoding to TS1/0 on input line 306.
Package textcomp Info: Setting pxtt sub-encoding to TS1/0 on input line 307.
Package textcomp Info: Setting txr sub-encoding to TS1/0 on input line 308.
Package textcomp Info: Setting txss sub-encoding to TS1/0 on input line 309.
Package textcomp Info: Setting txtt sub-encoding to TS1/0 on input line 310.
Package textcomp Info: Setting lmr sub-encoding to TS1/0 on input line 311.
Package textcomp Info: Setting lmdh sub-encoding to TS1/0 on input line 312.
Package textcomp Info: Setting lmss sub-encoding to TS1/0 on input line 313.
Package textcomp Info: Setting lmssq sub-encoding to TS1/0 on input line 314.
Package textcomp Info: Setting lmvtt sub-encoding to TS1/0 on input line 315.
Package textcomp Info: Setting qhv sub-encoding to TS1/0 on input line 316.
Package textcomp Info: Setting qag sub-encoding to TS1/0 on input line 317.
Package textcomp Info: Setting qbk sub-encoding to TS1/0 on input line 318.
Package textcomp Info: Setting qcr sub-encoding to TS1/0 on input line 319.
Package textcomp Info: Setting qcs sub-encoding to TS1/0 on input line 320.
Package textcomp Info: Setting qpl sub-encoding to TS1/0 on input line 321.
Package textcomp Info: Setting qtm sub-encoding to TS1/0 on input line 322.
Package textcomp Info: Setting qzc sub-encoding to TS1/0 on input line 323.
Package textcomp Info: Setting qhvc sub-encoding to TS1/0 on input line 324.
Package textcomp Info: Setting futs sub-encoding to TS1/4 on input line 325.
Package textcomp Info: Setting futx sub-encoding to TS1/4 on input line 326.
Package textcomp Info: Setting futj sub-encoding to TS1/4 on input line 327.
Package textcomp Info: Setting hlh sub-encoding to TS1/3 on input line 328.
Package textcomp Info: Setting hls sub-encoding to TS1/3 on input line 329.
Package textcomp Info: Setting hlst sub-encoding to TS1/3 on input line 330.
Package textcomp Info: Setting hlct sub-encoding to TS1/5 on input line 331.
Package textcomp Info: Setting hlx sub-encoding to TS1/5 on input line 332.
Package textcomp Info: Setting hlce sub-encoding to TS1/5 on input line 333.
Package textcomp Info: Setting hlcn sub-encoding to TS1/5 on input line 334.
Package textcomp Info: Setting hlcw sub-encoding to TS1/5 on input line 335.
Package textcomp Info: Setting hlcf sub-encoding to TS1/5 on input line 336.
Package textcomp Info: Setting pplx sub-encoding to TS1/3 on input line 337.
Package textcomp Info: Setting pplj sub-encoding to TS1/3 on input line 338.
Package textcomp Info: Setting ptmx sub-encoding to TS1/4 on input line 339.
Package textcomp Info: Setting ptmj sub-encoding to TS1/4 on input line 340.
))
(/usr/share/texlive/texmf-dist/tex/latex/tools/verbatim.sty
Package: verbatim 2003/08/22 v1.5q LaTeX2e package for verbatim enhancements
\every@verbatim=\toks19
\verbatim@line=\toks20
\verbatim@in@stream=\read1
)
(/usr/share/texlive/texmf-dist/tex/latex/listings/listings.sty
\lst@mode=\count98
\lst@gtempboxa=\box26
\lst@token=\toks21
\lst@length=\count99
\lst@currlwidth=\dimen114
\lst@column=\count100
\lst@pos=\count101
\lst@lostspace=\dimen115
\lst@width=\dimen116
\lst@newlines=\count102
\lst@lineno=\count103
\lst@maxwidth=\dimen117

(/usr/share/texlive/texmf-dist/tex/latex/listings/lstmisc.sty
File: lstmisc.sty 2007/02/22 1.4 (Carsten Heinz)
\c@lstnumber=\count104
\lst@skipnumbers=\count105
\lst@framebox=\box27
)
(/usr/share/texlive/texmf-dist/tex/latex/listings/listings.cfg
File: listings.cfg 2007/02/22 1.4 listings configuration
))
Package: listings 2007/02/22 1.4 (Carsten Heinz)

(/usr/share/texlive/texmf-dist/tex/latex/caption/caption.sty
Package: caption 2012/02/19 v3.2f Customizing captions (AR)

(/usr/share/texlive/texmf-dist/tex/latex/caption/caption3.sty
Package: caption3 2012/01/12 v1.4b caption3 kernel (AR)
\captionmargin=\dimen118
\captionmargin@=\dimen119
\captionwidth=\dimen120
\caption@indent=\dimen121
\caption@parindent=\dimen122
\caption@hangindent=\dimen123
)
\c@ContinuedFloat=\count106
Package caption Info: listings package is loaded.
)
(/usr/share/texlive/texmf-dist/tex/latex/tools/longtable.sty
Package: longtable 2004/02/01 v4.11 Multi-page Table package (DPC)
\LTleft=\skip54
\LTright=\skip55
\LTpre=\skip56
\LTpost=\skip57
\LTchunksize=\count107
\LTcapwidth=\dimen124
\LT@head=\box28
\LT@firsthead=\box29
\LT@foot=\box30
\LT@lastfoot=\box31
\LT@cols=\count108
\LT@rows=\count109
\c@LT@tables=\count110
\c@LT@chunks=\count111
\LT@p@ftn=\toks22
)
(/usr/share/texlive/texmf-dist/tex/latex/gloss/gloss.sty
Package: gloss 2002/07/26 1.5.2 Gloss package
\glosshang=\skip58
)
(/usr/share/texlive/texmf-dist/tex/latex/listings/lstlang1.sty
File: lstlang1.sty 2004/09/05 1.3 listings language file
)
(/usr/share/texlive/texmf-dist/tex/latex/listings/lstmisc.sty
File: lstmisc.sty 2007/02/22 1.4 (Carsten Heinz)
)
(/usr/share/texlive/texmf-dist/tex/latex/listings/lstlang1.sty
File: lstlang1.sty 2004/09/05 1.3 listings language file
)
(/usr/share/texlive/texmf-dist/tex/latex/hyperref/hyperref.sty
Package: hyperref 2012/05/13 v6.82q Hypertext links for LaTeX

(/usr/share/texlive/texmf-dist/tex/generic/oberdiek/hobsub-hyperref.sty
Package: hobsub-hyperref 2012/05/28 v1.13 Bundle oberdiek, subset hyperref (HO)


(/usr/share/texlive/texmf-dist/tex/generic/oberdiek/hobsub-generic.sty
Package: hobsub-generic 2012/05/28 v1.13 Bundle oberdiek, subset generic (HO)
Package: hobsub 2012/05/28 v1.13 Construct package bundles (HO)
Package hobsub Info: Skipping package `infwarerr' (already loaded).
Package hobsub Info: Skipping package `ltxcmds' (already loaded).
Package: ifluatex 2010/03/01 v1.3 Provides the ifluatex switch (HO)
Package ifluatex Info: LuaTeX not detected.
Package hobsub Info: Skipping package `ifvtex' (already loaded).
Package: intcalc 2007/09/27 v1.1 Expandable calculations with integers (HO)
Package hobsub Info: Skipping package `ifpdf' (already loaded).
Package: etexcmds 2011/02/16 v1.5 Avoid name clashes with e-TeX commands (HO)
Package etexcmds Info: Could not find \expanded.
(etexcmds)             That can mean that you are not using pdfTeX 1.50 or
(etexcmds)             that some package has redefined \expanded.
(etexcmds)             In the latter case, load this package earlier.
Package: kvsetkeys 2012/04/25 v1.16 Key value parser (HO)
Package: kvdefinekeys 2011/04/07 v1.3 Define keys (HO)
Package: pdftexcmds 2011/11/29 v0.20 Utility functions of pdfTeX for LuaTeX (HO
)
Package pdftexcmds Info: LuaTeX not detected.
Package pdftexcmds Info: \pdf@primitive is available.
Package pdftexcmds Info: \pdf@ifprimitive is available.
Package pdftexcmds Info: \pdfdraftmode found.
Package: pdfescape 2011/11/25 v1.13 Implements pdfTeX's escape features (HO)
Package: bigintcalc 2012/04/08 v1.3 Expandable calculations on big integers (HO
)
Package: bitset 2011/01/30 v1.1 Handle bit-vector datatype (HO)
Package: uniquecounter 2011/01/30 v1.2 Provide unlimited unique counter (HO)
)
Package hobsub Info: Skipping package `hobsub' (already loaded).
Package: letltxmacro 2010/09/02 v1.4 Let assignment for LaTeX macros (HO)
Package: hopatch 2012/05/28 v1.2 Wrapper for package hooks (HO)
Package: xcolor-patch 2011/01/30 xcolor patch
Package: atveryend 2011/06/30 v1.8 Hooks at the very end of document (HO)
Package atveryend Info: \enddocument detected (standard20110627).
Package: atbegshi 2011/10/05 v1.16 At begin shipout hook (HO)
Package: refcount 2011/10/16 v3.4 Data extraction from label references (HO)
Package: hycolor 2011/01/30 v1.7 Color options for hyperref/bookmark (HO)
)
(/usr/share/texlive/texmf-dist/tex/latex/oberdiek/kvoptions.sty
Package: kvoptions 2011/06/30 v3.11 Key value format for package options (HO)
)
\@linkdim=\dimen125
\Hy@linkcounter=\count112
\Hy@pagecounter=\count113

(/usr/share/texlive/texmf-dist/tex/latex/hyperref/pd1enc.def
File: pd1enc.def 2012/05/13 v6.82q Hyperref: PDFDocEncoding definition (HO)
Now handling font encoding PD1 ...
... no UTF-8 mapping file for font encoding PD1
)
\Hy@SavedSpaceFactor=\count114

(/usr/share/texlive/texmf-dist/tex/latex/latexconfig/hyperref.cfg
File: hyperref.cfg 2002/06/06 v1.2 hyperref configuration of TeXLive
)
Package hyperref Info: Option `final' set `true' on input line 3941.
Package hyperref Info: Option `breaklinks' set `true' on input line 3941.
Package hyperref Info: Option `bookmarks' set `true' on input line 3941.
Package hyperref Info: Hyper figures OFF on input line 4062.
Package hyperref Info: Link nesting OFF on input line 4067.
Package hyperref Info: Hyper index ON on input line 4070.
Package hyperref Info: Plain pages OFF on input line 4077.
Package hyperref Info: Backreferencing OFF on input line 4082.
Package hyperref Info: Implicit mode ON; LaTeX internals redefined.
Package hyperref Info: Bookmarks ON on input line 4300.
\c@Hy@tempcnt=\count115
LaTeX Info: Redefining \url on input line 4653.
\Fld@menulength=\count116
\Field@Width=\dimen126
\Fld@charsize=\dimen127
Package hyperref Info: Hyper figures OFF on input line 5773.
Package hyperref Info: Link nesting OFF on input line 5778.
Package hyperref Info: Hyper index ON on input line 5781.
Package hyperref Info: backreferencing OFF on input line 5788.
Package hyperref Info: Link coloring OFF on input line 5793.
Package hyperref Info: Link coloring with OCG OFF on input line 5798.
Package hyperref Info: PDF/A mode OFF on input line 5803.
LaTeX Info: Redefining \ref on input line 5843.
LaTeX Info: Redefining \pageref on input line 5847.
\Hy@abspage=\count117
\c@Item=\count118
\c@Hfootnote=\count119
)

Package hyperref Message: Driver (autodetected): hpdftex.

(/usr/share/texlive/texmf-dist/tex/latex/hyperref/hpdftex.def
File: hpdftex.def 2012/05/13 v6.82q Hyperref driver for pdfTeX
\Fld@listcount=\count120
\c@bookmark@seq@number=\count121

(/usr/share/texlive/texmf-dist/tex/latex/oberdiek/rerunfilecheck.sty
Package: rerunfilecheck 2011/04/15 v1.7 Rerun checks for auxiliary files (HO)
Package uniquecounter Info: New unique counter `rerunfilecheck' on input line 2
82.
)
\Hy@SectionHShift=\skip59
)
Package hyperref Info: Option `colorlinks' set `true' on input line 107.

(/usr/share/texlive/texmf-dist/tex/latex/oberdiek/hypcap.sty
Package: hypcap 2011/02/16 v1.11 Adjusting the anchors of captions (HO)
) (./PT_02.aux
(./titlepage.aux)
LaTeX Info: Redefining \. on input line 24.
LaTeX Info: Redefining \% on input line 24.
 (./resumen.aux) (./abstract.aux) (./gracias.aux) (./intro.aux) (./fpga.aux) (.
/diseno.aux) (./soperativo.aux) (./compilacion.aux)
(./filesystem.aux) (./minimal.aux) (./antivirus.aux) (./implementacion.aux

LaTeX Warning: Label `Diagrama a bloques de la tarjeta Virtex-II Pro 50' multip
ly defined.

) (./apendiceA.aux) (./apendiceB.aux))
\openout1 = `PT_02.aux'.

LaTeX Font Info:    Checking defaults for OML/cmm/m/it on input line 108.
LaTeX Font Info:    ... okay on input line 108.
LaTeX Font Info:    Checking defaults for T1/cmr/m/n on input line 108.
LaTeX Font Info:    ... okay on input line 108.
LaTeX Font Info:    Checking defaults for OT1/cmr/m/n on input line 108.
LaTeX Font Info:    ... okay on input line 108.
LaTeX Font Info:    Checking defaults for OMS/cmsy/m/n on input line 108.
LaTeX Font Info:    ... okay on input line 108.
LaTeX Font Info:    Checking defaults for OMX/cmex/m/n on input line 108.
LaTeX Font Info:    ... okay on input line 108.
LaTeX Font Info:    Checking defaults for U/cmr/m/n on input line 108.
LaTeX Font Info:    ... okay on input line 108.
LaTeX Font Info:    Checking defaults for TS1/cmr/m/n on input line 108.
LaTeX Font Info:    Try loading font information for TS1+cmr on input line 108.


(/usr/share/texlive/texmf-dist/tex/latex/base/ts1cmr.fd
File: ts1cmr.fd 1999/05/25 v2.5h Standard LaTeX font definitions
)
LaTeX Font Info:    ... okay on input line 108.
LaTeX Font Info:    Checking defaults for PD1/pdf/m/n on input line 108.
LaTeX Font Info:    ... okay on input line 108.
LaTeX Font Info:    Try loading font information for T1+lmr on input line 108.

(/usr/share/texmf/tex/latex/lm/t1lmr.fd
File: t1lmr.fd 2009/10/30 v1.6 Font defs for Latin Modern
)
LaTeX Info: Redefining \. on input line 108.
LaTeX Info: Redefining \% on input line 108.

*geometry* driver: auto-detecting
*geometry* detected driver: pdftex
*geometry* verbose mode - [ preamble ] result:
* driver: pdftex
* paper: letterpaper
* layout: <same size as paper>
* layoutoffset:(h,v)=(0.0pt,0.0pt)
* modes: 
* h-part:(L,W,R)=(113.81102pt, 429.3521pt, 71.13188pt)
* v-part:(T,H,B)=(113.81102pt, 587.26488pt, 93.89409pt)
* \paperwidth=614.295pt
* \paperheight=794.96999pt
* \textwidth=429.3521pt
* \textheight=587.26488pt
* \oddsidemargin=41.54103pt
* \evensidemargin=41.54103pt
* \topmargin=-1.91171pt
* \headheight=15.0pt
* \headsep=28.45274pt
* \topskip=12.0pt
* \footskip=30.0pt
* \marginparwidth=42.67912pt
* \marginparsep=10.0pt
* \columnsep=10.0pt
* \skip\footins=10.8pt plus 4.0pt minus 2.0pt
* \hoffset=0.0pt
* \voffset=0.0pt
* \mag=1000
* \@twocolumnfalse
* \@twosidefalse
* \@mparswitchfalse
* \@reversemarginfalse
* (1in=72.27pt=25.4mm, 1cm=28.453pt)

(/usr/share/texlive/texmf-dist/tex/context/base/supp-pdf.mkii
[Loading MPS to PDF converter (version 2006.09.02).]
\scratchcounter=\count122
\scratchdimen=\dimen128
\scratchbox=\box32
\nofMPsegments=\count123
\nofMParguments=\count124
\everyMPshowfont=\toks23
\MPscratchCnt=\count125
\MPscratchDim=\dimen129
\MPnumerator=\count126
\makeMPintoPDFobject=\count127
\everyMPtoPDFconversion=\toks24
) (/usr/share/texlive/texmf-dist/tex/latex/oberdiek/epstopdf-base.sty
Package: epstopdf-base 2010/02/09 v2.5 Base part for package epstopdf

(/usr/share/texlive/texmf-dist/tex/latex/oberdiek/grfext.sty
Package: grfext 2010/08/19 v1.1 Manage graphics extensions (HO)
)
Package grfext Info: Graphics extension search list:
(grfext)             [.png,.pdf,.jpg,.mps,.jpeg,.jbig2,.jb2,.PNG,.PDF,.JPG,.JPE
G,.JBIG2,.JB2,.eps]
(grfext)             \AppendGraphicsExtensions on input line 452.

(/usr/share/texlive/texmf-dist/tex/latex/latexconfig/epstopdf-sys.cfg
File: epstopdf-sys.cfg 2010/07/13 v1.3 Configuration of (r)epstopdf for TeX Liv
e
))
\c@lstlisting=\count128
Package caption Info: Begin \AtBeginDocument code.
Package caption Info: hyperref package is loaded.
Package caption Info: hypcap package is loaded.
Package caption Info: longtable package is loaded.

(/usr/share/texlive/texmf-dist/tex/latex/caption/ltcaption.sty
Package: ltcaption 2011/09/12 v1.3 longtable captions (AR)
)
Package caption Info: End \AtBeginDocument code.
\AtBeginShipoutBox=\box33
Package hyperref Info: Link coloring ON on input line 108.

(/usr/share/texlive/texmf-dist/tex/latex/hyperref/nameref.sty
Package: nameref 2010/04/30 v2.40 Cross-referencing by name of section

(/usr/share/texlive/texmf-dist/tex/generic/oberdiek/gettitlestring.sty
Package: gettitlestring 2010/12/03 v1.4 Cleanup title references (HO)
)
\c@section@level=\count129
)
LaTeX Info: Redefining \ref on input line 108.
LaTeX Info: Redefining \pageref on input line 108.
LaTeX Info: Redefining \nameref on input line 108.

(./PT_02.out) (./PT_02.out)
\@outlinefile=\write3
\openout3 = `PT_02.out'.

\openout2 = `titlepage.aux'.

 (./titlepage.tex [1


{/var/lib/texmf/fonts/map/pdftex/updmap/pdftex.map}])
\openout2 = `resumen.aux'.

 (./resumen.tex) [2




]
\openout2 = `abstract.aux'.

 (./abstract.tex) [3




]
\openout2 = `gracias.aux'.

 (./gracias.tex)
[4




] (./PT_02.toc
LaTeX Info: Redefining \. on input line 1.
LaTeX Info: Redefining \% on input line 1.
LaTeX Font Info:    Try loading font information for OT1+lmr on input line 6.
 (/usr/share/texmf/tex/latex/lm/ot1lmr.fd
File: ot1lmr.fd 2009/10/30 v1.6 Font defs for Latin Modern
)
LaTeX Font Info:    Try loading font information for OML+lmm on input line 6.

(/usr/share/texmf/tex/latex/lm/omllmm.fd
File: omllmm.fd 2009/10/30 v1.6 Font defs for Latin Modern
)
LaTeX Font Info:    Try loading font information for OMS+lmsy on input line 6.

(/usr/share/texmf/tex/latex/lm/omslmsy.fd
File: omslmsy.fd 2009/10/30 v1.6 Font defs for Latin Modern
)
LaTeX Font Info:    Try loading font information for OMX+lmex on input line 6.

(/usr/share/texmf/tex/latex/lm/omxlmex.fd
File: omxlmex.fd 2009/10/30 v1.6 Font defs for Latin Modern
)
LaTeX Font Info:    External font `lmex10' loaded for size
(Font)              <12> on input line 6.
LaTeX Font Info:    External font `lmex10' loaded for size
(Font)              <8> on input line 6.
LaTeX Font Info:    External font `lmex10' loaded for size
(Font)              <6> on input line 6.
 [5


]
LaTeX Info: Redefining \. on input line 56.
LaTeX Info: Redefining \% on input line 56.


Package Fancyhdr Warning: \headheight is too small (15.0pt): 
 Make it at least 15.17403pt.
 We now make it that large for the rest of the document.
 This may cause the page layout to be inconsistent, however.

[6])
\tf@toc=\write4
\openout4 = `PT_02.toc'.

LaTeX Info: Redefining \. on input line 124.
LaTeX Info: Redefining \% on input line 124.
 [7] (./PT_02.lof
LaTeX Info: Redefining \. on input line 1.
LaTeX Info: Redefining \% on input line 1.
 [8

])
\tf@lof=\write5
\openout5 = `PT_02.lof'.

LaTeX Info: Redefining \. on input line 129.
LaTeX Info: Redefining \% on input line 129.
 [9]
\openout2 = `intro.aux'.

 (./intro.tex
Cap\'{\i }tulo 1.
LaTeX Font Info:    External font `lmex10' loaded for size
(Font)              <10> on input line 8.
LaTeX Font Info:    External font `lmex10' loaded for size
(Font)              <7> on input line 8.
LaTeX Font Info:    External font `lmex10' loaded for size
(Font)              <5> on input line 8.
[10


]
LaTeX Info: Redefining \. on input line 79.
LaTeX Info: Redefining \% on input line 79.
 [11]
LaTeX Info: Redefining \. on input line 135.
LaTeX Info: Redefining \% on input line 135.
 [12])
LaTeX Info: Redefining \. on input line 129.
LaTeX Info: Redefining \% on input line 129.
 [13]
\openout2 = `fpga.aux'.

 (./fpga.tex
Cap\'{\i }tulo 2.
<./figuras/Fpga.png, id=554, 649.42625pt x 376.40625pt>
File: ./figuras/Fpga.png Graphic file (type png)

<use ./figuras/Fpga.png>
Package pdftex.def Info: ./figuras/Fpga.png used on input line 21.
(pdftex.def)             Requested size: 324.71233pt x 188.20265pt.


LaTeX Warning: `!h' float specifier changed to `!ht'.

[14



] (./XUPV2.tex
LaTeX Info: Redefining \. on input line 17.
LaTeX Info: Redefining \% on input line 17.
 [15 <./figuras/Fpga.png>]
<./figuras/V2.jpg, id=572, 216.81pt x 204.5241pt>
File: ./figuras/V2.jpg Graphic file (type jpg)
 <use ./figuras/V2.jpg>
Package pdftex.def Info: ./figuras/V2.jpg used on input line 28.
(pdftex.def)             Requested size: 216.80946pt x 204.52357pt.
LaTeX Font Info:    Try loading font information for T1+lmtt on input line 38.

(/usr/share/texmf/tex/latex/lm/t1lmtt.fd
File: t1lmtt.fd 2009/10/30 v1.6 Font defs for Latin Modern
)))
LaTeX Info: Redefining \. on input line 130.
LaTeX Info: Redefining \% on input line 130.
 [16 <./figuras/V2.jpg>]
\openout2 = `diseno.aux'.


(./diseno.tex
Cap\'{\i }tulo 3.
<./figuras/EDK0.png, id=581, 1274.7625pt x 949.5475pt>
File: ./figuras/EDK0.png Graphic file (type png)

<use ./figuras/EDK0.png>
Package pdftex.def Info: ./figuras/EDK0.png used on input line 30.
(pdftex.def)             Requested size: 318.68985pt x 237.38629pt.


LaTeX Warning: `!h' float specifier changed to `!ht'.

<./figuras/EDK1.png, id=583, 1277.77374pt x 974.64125pt>
File: ./figuras/EDK1.png Graphic file (type png)

<use ./figuras/EDK1.png>
Package pdftex.def Info: ./figuras/EDK1.png used on input line 39.
(pdftex.def)             Requested size: 319.44266pt x 243.65971pt.
 [17



]
Overfull \hbox (5.32407pt too wide) in paragraph at lines 44--50
\T1/lmr/m/it/12 gent [][]$\T1/lmtt/m/n/12 http : / / www . digilentinc . com / 
Products / Detail . cfm ? Prod = XUPV2P$[][]\T1/lmr/m/n/12 . Es-
 []

LaTeX Info: Redefining \. on input line 50.
LaTeX Info: Redefining \% on input line 50.
[18 <./figuras/EDK0.png> <./figuras/EDK1.png>]
<./figuras/EDK2.png, id=598, 1284.8pt x 975.645pt>
File: ./figuras/EDK2.png Graphic file (type png)
 <use ./figuras/EDK2.png>
Package pdftex.def Info: ./figuras/EDK2.png used on input line 54.
(pdftex.def)             Requested size: 321.19922pt x 243.91064pt.

<./figuras/EDK3.png, id=600, 1275.76625pt x 977.6525pt>
File: ./figuras/EDK3.png Graphic file (type png)

<use ./figuras/EDK3.png>
Package pdftex.def Info: ./figuras/EDK3.png used on input line 66.
(pdftex.def)             Requested size: 318.94078pt x 244.41252pt.


LaTeX Warning: `!h' float specifier changed to `!ht'.

<./figuras/EDK4.png, id=602, 1276.77pt x 981.6675pt>
File: ./figuras/EDK4.png Graphic file (type png)
 <use ./figuras/EDK4.png>
Package pdftex.def Info: ./figuras/EDK4.png used on input line 78.
(pdftex.def)             Requested size: 319.19171pt x 245.41628pt.


LaTeX Warning: `!h' float specifier changed to `!ht'.

<./figuras/EDK5.png, id=604, 1281.78876pt x 975.645pt>
File: ./figuras/EDK5.png Graphic file (type png)

<use ./figuras/EDK5.png>
Package pdftex.def Info: ./figuras/EDK5.png used on input line 93.
(pdftex.def)             Requested size: 320.4464pt x 243.91064pt.
LaTeX Info: Redefining \. on input line 98.
LaTeX Info: Redefining \% on input line 98.
 [19 <./figuras/EDK2.png>]

LaTeX Warning: Text page 20 contains only floats.

LaTeX Info: Redefining \. on input line 98.
LaTeX Info: Redefining \% on input line 98.
[20 <./figuras/EDK3.png> <./figuras/EDK4.png>]
<./figuras/EDK6.png, id=621, 1280.785pt x 980.66376pt>
File: ./figuras/EDK6.png Graphic file (type png)

<use ./figuras/EDK6.png>
Package pdftex.def Info: ./figuras/EDK6.png used on input line 106.
(pdftex.def)             Requested size: 320.19547pt x 245.16533pt.


LaTeX Warning: `!h' float specifier changed to `!ht'.

<./figuras/lic.png, id=623, 1284.8pt x 1027.84pt>
File: ./figuras/lic.png Graphic file (type png)
 <use ./figuras/lic.png>
Package pdftex.def Info: ./figuras/lic.png used on input line 119.
(pdftex.def)             Requested size: 321.19922pt x 256.95937pt.


LaTeX Warning: `!h' float specifier changed to `!ht'.

<./figuras/EDK7.png, id=625, 1278.7775pt x 982.67125pt>
File: ./figuras/EDK7.png Graphic file (type png)

<use ./figuras/EDK7.png>
Package pdftex.def Info: ./figuras/EDK7.png used on input line 130.
(pdftex.def)             Requested size: 319.69359pt x 245.6672pt.


LaTeX Warning: `!h' float specifier changed to `!ht'.

<./figuras/EDK8.png, id=627, 1284.8pt x 1027.84pt>
File: ./figuras/EDK8.png Graphic file (type png)
 <use ./figuras/EDK8.png>
Package pdftex.def Info: ./figuras/EDK8.png used on input line 142.
(pdftex.def)             Requested size: 321.19922pt x 256.95937pt.


LaTeX Warning: `!h' float specifier changed to `!ht'.

<./figuras/EDK9.png, id=629, 1284.8pt x 1027.84pt>
File: ./figuras/EDK9.png Graphic file (type png)
 <use ./figuras/EDK9.png>
Package pdftex.def Info: ./figuras/EDK9.png used on input line 157.
(pdftex.def)             Requested size: 321.19922pt x 256.95937pt.
LaTeX Info: Redefining \. on input line 162.
LaTeX Info: Redefining \% on input line 162.

[21 <./figuras/EDK5.png>]

LaTeX Warning: Text page 22 contains only floats.

LaTeX Info: Redefining \. on input line 162.
LaTeX Info: Redefining \% on input line 162.
[22 <./figuras/EDK6.png> <./figuras/lic.png>]

LaTeX Warning: Text page 23 contains only floats.


Overfull \vbox (0.36166pt too high) has occurred while \output is active []

LaTeX Info: Redefining \. on input line 162.
LaTeX Info: Redefining \% on input line 162.

[23 <./figuras/EDK7.png> <./figuras/EDK8.png>]
<./figuras/EDK10.png, id=648, 1279.78125pt x 976.64874pt>
File: ./figuras/EDK10.png Graphic file (type png)

<use ./figuras/EDK10.png>
Package pdftex.def Info: ./figuras/EDK10.png used on input line 170.
(pdftex.def)             Requested size: 319.94453pt x 244.16159pt.


LaTeX Warning: `!h' float specifier changed to `!ht'.

<./figuras/EDK11.png, id=650, 1276.77pt x 972.63374pt>
File: ./figuras/EDK11.png Graphic file (type png)

<use ./figuras/EDK11.png>
Package pdftex.def Info: ./figuras/EDK11.png used on input line 183.
(pdftex.def)             Requested size: 319.19171pt x 243.15784pt.


LaTeX Warning: `!h' float specifier changed to `!ht'.

File: ./figuras/EDK11.png Graphic file (type png)
<use ./figuras/EDK11.png>
Package pdftex.def Info: ./figuras/EDK11.png used on input line 196.
(pdftex.def)             Requested size: 319.19171pt x 243.15784pt.


LaTeX Warning: `!h' float specifier changed to `!ht'.

<./figuras/EDK13.png, id=653, 1273.75874pt x 947.54pt>
File: ./figuras/EDK13.png Graphic file (type png)

<use ./figuras/EDK13.png>
Package pdftex.def Info: ./figuras/EDK13.png used on input line 206.
(pdftex.def)             Requested size: 318.4389pt x 236.88441pt.
LaTeX Info: Redefining \. on input line 211.
LaTeX Info: Redefining \% on input line 211.
 [24 <./figuras/EDK9.png>]

LaTeX Warning: Text page 25 contains only floats.

LaTeX Info: Redefining \. on input line 211.
LaTeX Info: Redefining \% on input line 211.
[25 <./figuras/EDK10.png> <./figuras/EDK11.png>]
<./figuras/pingpong.png, id=667, 581.17125pt x 413.545pt>
File: ./figuras/pingpong.png Graphic file (type png)

<use ./figuras/pingpong.png>
Package pdftex.def Info: ./figuras/pingpong.png used on input line 219.
(pdftex.def)             Requested size: 145.29245pt x 103.38599pt.
LaTeX Info: Redefining \. on input line 224.
LaTeX Info: Redefining \% on input line 224.
 [26 <./figuras/EDK13.png>]
<./figuras/bootloop.png, id=674, 1275.76625pt x 972.63374pt>
File: ./figuras/bootloop.png Graphic file (type png)

<use ./figuras/bootloop.png>
Package pdftex.def Info: ./figuras/bootloop.png used on input line 233.
(pdftex.def)             Requested size: 318.94078pt x 243.15784pt.
LaTeX Info: Redefining \. on input line 243.
LaTeX Info: Redefining \% on input line 243.
 [27 <./figuras/pingpong.png> <./figuras/bootloop.png>] <./figuras/devicetree.p
ng, id=683, 1278.7775pt x 976.64874pt>
File: ./figuras/devicetree.png Graphic file (type png)

<use ./figuras/devicetree.png>
Package pdftex.def Info: ./figuras/devicetree.png used on input line 249.
(pdftex.def)             Requested size: 319.69359pt x 244.16159pt.

Overfull \hbox (11.53035pt too wide) in paragraph at lines 244--254
[]\T1/lmr/m/n/12 Men ``Soft-wa-re: Soft-wa-re Plat-form Set-tings...'' a con-t
i-nua-cin, se-lec-cio-ne ``device-
 []

<./figuras/uart.png, id=685, 907.39pt x 714.67pt>
File: ./figuras/uart.png Graphic file (type png)
 <use ./figuras/uart.png>
Package pdftex.def Info: ./figuras/uart.png used on input line 260.
(pdftex.def)             Requested size: 226.84694pt x 178.66705pt.


LaTeX Warning: `!h' float specifier changed to `!ht'.


Package natbib Warning: Citation `system' on page 28 undefined on input line 27
4.

<./figuras/system.jpg, id=686, 1102.1175pt x 1077.27469pt>
File: ./figuras/system.jpg Graphic file (type jpg)

<use ./figuras/system.jpg>
Package pdftex.def Info: ./figuras/system.jpg used on input line 278.
(pdftex.def)             Requested size: 440.83919pt x 430.90224pt.

Overfull \hbox (11.48709pt too wide) in paragraph at lines 278--280
 [][] 
 []


LaTeX Warning: `!h' float specifier changed to `!ht'.

LaTeX Info: Redefining \. on input line 284.
LaTeX Info: Redefining \% on input line 284.
[28 <./figuras/devicetree.png>]
LaTeX Info: Redefining \. on input line 284.
LaTeX Info: Redefining \% on input line 284.
 [29 <./figuras/uart.png>]
LaTeX Info: Redefining \. on input line 284.
LaTeX Info: Redefining \% on input line 284.
 [30 <./figuras/system.jpg>])
LaTeX Info: Redefining \. on input line 132.
LaTeX Info: Redefining \% on input line 132.
 [31

]
\openout2 = `soperativo.aux'.

 (./soperativo.tex
Cap\'{\i }tulo 4.
<./figuras/capas.png, id=709, 666.49pt x 560.0925pt>
File: ./figuras/capas.png Graphic file (type png)
 <use ./figuras/capas.png>
Package pdftex.def Info: ./figuras/capas.png used on input line 31.
(pdftex.def)             Requested size: 333.24419pt x 280.04556pt.

[32



]
LaTeX Info: Redefining \. on input line 70.
LaTeX Info: Redefining \% on input line 70.
 [33 <./figuras/capas.png>]
LaTeX Info: Redefining \. on input line 113.
LaTeX Info: Redefining \% on input line 113.
 [34]
Underfull \vbox (badness 4229) has occurred while \output is active []

LaTeX Info: Redefining \. on input line 153.
LaTeX Info: Redefining \% on input line 153.
 [35]
LaTeX Info: Redefining \. on input line 194.
LaTeX Info: Redefining \% on input line 194.

[36]
LaTeX Info: Redefining \. on input line 238.
LaTeX Info: Redefining \% on input line 238.
 [37]
LaTeX Info: Redefining \. on input line 275.
LaTeX Info: Redefining \% on input line 275.
 [38]
LaTeX Info: Redefining \. on input line 313.
LaTeX Info: Redefining \% on input line 313.
 [39])
LaTeX Info: Redefining \. on input line 133.
LaTeX Info: Redefining \% on input line 133.
 [40]
\openout2 = `compilacion.aux'.

 (./compilacion.tex
Cap\'{\i }tulo 5.
<./figuras/compilacion.png, id=772, 883.3pt x 389.455pt>
File: ./figuras/compilacion.png Graphic file (type png)

<use ./figuras/compilacion.png>
Package pdftex.def Info: ./figuras/compilacion.png used on input line 24.
(pdftex.def)             Requested size: 397.48132pt x 175.25313pt.
LaTeX Font Info:    Try loading font information for TS1+lmr on input line 36.
 (/usr/share/texmf/tex/latex/lm/ts1lmr.fd
File: ts1lmr.fd 2009/10/30 v1.6 Font defs for Latin Modern
)
[41



]
LaTeX Info: Redefining \. on input line 72.
LaTeX Info: Redefining \% on input line 72.
 [42 <./figuras/compilacion.png>]
<./figuras/virtex.png, id=785, 808.01875pt x 416.55624pt>
File: ./figuras/virtex.png Graphic file (type png)

<use ./figuras/virtex.png>
Package pdftex.def Info: ./figuras/virtex.png used on input line 101.
(pdftex.def)             Requested size: 404.00839pt x 208.2776pt.
LaTeX Info: Redefining \. on input line 117.
LaTeX Info: Redefining \% on input line 117.
 [43]
LaTeX Info: Redefining \. on input line 139.
LaTeX Info: Redefining \% on input line 139.
 [44 <./figuras/virtex.png>]
LaTeX Info: Redefining \. on input line 172.
LaTeX Info: Redefining \% on input line 172.
 [45]
Overfull \hbox (6.0pt too wide) in paragraph at lines 198--198
[][][][][][][] 
 []

(./code/loadembenv.sh
LaTeX Font Info:    Font shape `T1/lmtt/bx/n' in size <12> not available
(Font)              Font shape `T1/lmtt/b/n' tried instead on input line 1.
)
LaTeX Info: Redefining \. on input line 213.
LaTeX Info: Redefining \% on input line 213.
 [46]
<./figuras/SystemACE.png, id=826, 467.7475pt x 205.76875pt>
File: ./figuras/SystemACE.png Graphic file (type png)

<use ./figuras/SystemACE.png>
Package pdftex.def Info: ./figuras/SystemACE.png used on input line 227.
(pdftex.def)             Requested size: 327.421pt x 144.03712pt.

Overfull \hbox (6.0pt too wide) in paragraph at lines 242--242
[][][][][][][] 
 []

(./code/xupGenaceEXT2.opt
LaTeX Info: Redefining \. on input line 7.
LaTeX Info: Redefining \% on input line 7.
 [47 <./figuras/SystemACE.png>]))
LaTeX Info: Redefining \. on input line 134.
LaTeX Info: Redefining \% on input line 134.
 [48]
\openout2 = `filesystem.aux'.


(./filesystem.tex
Cap\'{\i }tulo 6.

Underfull \vbox (badness 10000) has occurred while \output is active []

 [49



]
LaTeX Info: Redefining \. on input line 80.
LaTeX Info: Redefining \% on input line 80.

[50])
LaTeX Info: Redefining \. on input line 135.
LaTeX Info: Redefining \% on input line 135.
 [51]
\openout2 = `minimal.aux'.

 (./minimal.tex
Cap\'{\i }tulo 7.
[52



]
Overfull \hbox (6.0pt too wide) in paragraph at lines 36--36
[][][][][][][] 
 []


Overfull \hbox (6.0pt too wide) in paragraph at lines 40--40
[][][][][][][] 
 []

LaTeX Font Info:    Try loading font information for TS1+lmtt on input line 41.

(/usr/share/texmf/tex/latex/lm/ts1lmtt.fd
File: ts1lmtt.fd 2009/10/30 v1.6 Font defs for Latin Modern
)
LaTeX Info: Redefining \. on input line 66.
LaTeX Info: Redefining \% on input line 66.
 [53]
LaTeX Info: Redefining \. on input line 102.
LaTeX Info: Redefining \% on input line 102.
 [54]
LaTeX Info: Redefining \. on input line 141.
LaTeX Info: Redefining \% on input line 141.
 [55]
Underfull \vbox (badness 10000) has occurred while \output is active []

LaTeX Info: Redefining \. on input line 172.
LaTeX Info: Redefining \% on input line 172.
 [56]
Overfull \hbox (6.0pt too wide) in paragraph at lines 191--191
[][][][][][][] 
 []

LaTeX Info: Redefining \. on input line 200.
LaTeX Info: Redefining \% on input line 200.
[57]
Overfull \hbox (6.0pt too wide) in paragraph at lines 206--206
[][][][][][][] 
 []

(./code/Holavirtex.c)
LaTeX Info: Redefining \. on input line 230.
LaTeX Info: Redefining \% on input line 230.
 [58])
LaTeX Info: Redefining \. on input line 136.
LaTeX Info: Redefining \% on input line 136.
 [59]
\openout2 = `antivirus.aux'.

 (./antivirus.tex
Cap\'{\i }tulo 8.
[60



]
LaTeX Info: Redefining \. on input line 76.
LaTeX Info: Redefining \% on input line 76.
 [61]
LaTeX Info: Redefining \. on input line 117.
LaTeX Info: Redefining \% on input line 117.
 [62]
LaTeX Info: Redefining \. on input line 151.
LaTeX Info: Redefining \% on input line 151.
 [63])
LaTeX Info: Redefining \. on input line 137.
LaTeX Info: Redefining \% on input line 137.
 [64]
\openout2 = `implementacion.aux'.

 (./implementacion.tex
Cap\'{\i }tulo 9.
[65



]
Overfull \hbox (14.8649pt too wide) in paragraph at lines 65--68
[]\T1/lmr/m/n/12 Estos co-man-dos ins-ta-la-rn los si-guien-tes pa-que-tes: \T
1/lmr/bx/n/12 cla-mav, clamav-base, clamav-
 []

LaTeX Info: Redefining \. on input line 79.
LaTeX Info: Redefining \% on input line 79.
[66]
Overfull \hbox (21.41612pt too wide) in paragraph at lines 87--87
[]\T1/lmtt/m/n/12 main.cvd updated (version: 54, sigs: 1044387, f-level: 60, bu
ilder: sven)[] 
 []


Overfull \hbox (2.88411pt too wide) in paragraph at lines 90--90
[]\T1/lmtt/m/n/12 Trying to download http://db.us.clamav.net/daily.cvd (IP: 64.
22.33.90)[] 
 []


Overfull \hbox (58.44513pt too wide) in paragraph at lines 94--94
[]\T1/lmtt/m/n/12 daily.cvd updated (version: 17271, sigs: 1298099, f-level: 63
, builder: guitar)[] 
 []


Overfull \hbox (21.40912pt too wide) in paragraph at lines 97--97
[]\T1/lmtt/m/n/12 Trying to download http://db.us.clamav.net/bytecode.cvd (IP: 
64.22.33.90)[] 
 []


Overfull \hbox (15.24112pt too wide) in paragraph at lines 101--101
[]\T1/lmtt/m/n/12 bytecode.cvd updated (version: 214, sigs: 41, f-level: 63, bu
ilder: neo)[] 
 []


Overfull \hbox (46.10913pt too wide) in paragraph at lines 103--103
[]\T1/lmtt/m/n/12 Database updated (2342527 signatures) from db.us.clamav.net (
IP: 64.22.33.90)[] 
 []


Underfull \vbox (badness 10000) has occurred while \output is active []

LaTeX Info: Redefining \. on input line 117.
LaTeX Info: Redefining \% on input line 117.
 [67]
Overfull \hbox (6.0pt too wide) in paragraph at lines 117--117
[][][][][][][] 
 []

(./code/freshclam.sh)
LaTeX Info: Redefining \. on input line 132.
LaTeX Info: Redefining \% on input line 132.
 [68]
Overfull \hbox (52.29814pt too wide) in paragraph at lines 165--165
[] \T1/lmtt/m/n/12 Proyecto@debian$ clamscan --move=/home/Proyecto/Dropbox/UAM/
PT/PT/Cuarentena/[] 
 []

LaTeX Info: Redefining \. on input line 170.
LaTeX Info: Redefining \% on input line 170.
[69]
LaTeX Info: Redefining \. on input line 209.
LaTeX Info: Redefining \% on input line 209.
 [70]
Overfull \hbox (15.24812pt too wide) in paragraph at lines 223--223
[]\T1/lmtt/m/n/12 Proyecto@debian$  clamscan --log=/home/Proyecto/clamscan.log 
 --infected[] 
 []

LaTeX Info: Redefining \. on input line 254.
LaTeX Info: Redefining \% on input line 254.
[71]
LaTeX Info: Redefining \. on input line 295.
LaTeX Info: Redefining \% on input line 295.
 [72]
Overfull \hbox (32.27281pt too wide) in paragraph at lines 303--303
 []  \T1/lmtt/m/n/12 Proyecto@debian$ adduser clamav --no-create-home --disable
d-password[] 
 []

LaTeX Info: Redefining \. on input line 330.
LaTeX Info: Redefining \% on input line 330.
[73]
LaTeX Info: Redefining \. on input line 373.
LaTeX Info: Redefining \% on input line 373.
 [74]
File: ./figuras/virtex.png Graphic file (type png)
 <use ./figuras/virtex.png>
Package pdftex.def Info: ./figuras/virtex.png used on input line 383.
(pdftex.def)             Requested size: 404.00839pt x 208.2776pt.
LaTeX Info: Redefining \. on input line 393.
LaTeX Info: Redefining \% on input line 393.
 [75]
Overfull \hbox (6.0pt too wide) in paragraph at lines 423--423
[][][][][][][] 
 []

(./code/variables.sh
LaTeX Info: Redefining \. on input line 4.
LaTeX Info: Redefining \% on input line 4.
 [76])
LaTeX Info: Redefining \. on input line 442.
LaTeX Info: Redefining \% on input line 442.
 [77]
Overfull \hbox (2.89812pt too wide) in paragraph at lines 451--451
[]\T1/lmtt/m/n/12 /home/Proyecto/buildroot-2013.05/output/host/usr/bin/powerpc-
linux-gcc[] 
 []


Overfull \hbox (15.24812pt too wide) in paragraph at lines 469--469
[]\T1/lmtt/m/n/12 --target=ppc-unknown-linux-gnu --enable-llvm CFLAGS="-O0"  --
disable-nls[] 
 []

LaTeX Info: Redefining \. on input line 484.
LaTeX Info: Redefining \% on input line 484.
[78]
LaTeX Info: Redefining \. on input line 525.
LaTeX Info: Redefining \% on input line 525.
 [79])
LaTeX Info: Redefining \. on input line 138.
LaTeX Info: Redefining \% on input line 138.
 [80]
\openout2 = `apendiceA.aux'.

 (./apendiceA.tex
Ap\'{e}ndice A.
[81



] <./figuras/Installer.png, id=1071, 974.64125pt x 693.59125pt>
File: ./figuras/Installer.png Graphic file (type png)

<use ./figuras/Installer.png>
Package pdftex.def Info: ./figuras/Installer.png used on input line 37.
(pdftex.def)             Requested size: 389.8496pt x 277.43158pt.

<./figuras/Modules_install.png, id=1073, 974.64125pt x 693.59125pt>
File: ./figuras/Modules_install.png Graphic file (type png)

<use ./figuras/Modules_install.png>
Package pdftex.def Info: ./figuras/Modules_install.png used on input line 61.
(pdftex.def)             Requested size: 389.8496pt x 277.43158pt.
LaTeX Info: Redefining \. on input line 71.
LaTeX Info: Redefining \% on input line 71.
 [82 <./figuras/Installer.png>]
<./figuras/Directory.png, id=1079, 974.64125pt x 693.59125pt>
File: ./figuras/Directory.png Graphic file (type png)

<use ./figuras/Directory.png>
Package pdftex.def Info: ./figuras/Directory.png used on input line 76.
(pdftex.def)             Requested size: 389.8496pt x 277.43158pt.

Overfull \hbox (6.0pt too wide) in paragraph at lines 90--90
[][][][][][][] 
 []

(./code/ise.sh
LaTeX Info: Redefining \. on input line 3.
LaTeX Info: Redefining \% on input line 3.
 [83 <./figuras/Modules_install.png>])
Overfull \hbox (6.0pt too wide) in paragraph at lines 101--101
[][][][][][][] 
 []

(./code/edk.sh
LaTeX Info: Redefining \. on input line 3.
LaTeX Info: Redefining \% on input line 3.
 [84 <./figuras/Directory.png>])
Overfull \hbox (6.0pt too wide) in paragraph at lines 111--111
[][][][][][][] 
 []

(./code/bashrc) <./figuras/ise.png, id=1098, 872.25874pt x 731.73375pt>
File: ./figuras/ise.png Graphic file (type png)

<use ./figuras/ise.png>
Package pdftex.def Info: ./figuras/ise.png used on input line 123.
(pdftex.def)             Requested size: 348.89731pt x 292.68831pt.

<./figuras/edk.png, id=1099, 872.25874pt x 731.73375pt>
File: ./figuras/edk.png Graphic file (type png)

<use ./figuras/edk.png>
Package pdftex.def Info: ./figuras/edk.png used on input line 138.
(pdftex.def)             Requested size: 348.89731pt x 292.68831pt.
)
LaTeX Info: Redefining \. on input line 148.
LaTeX Info: Redefining \% on input line 148.
 [85]
LaTeX Info: Redefining \. on input line 148.
LaTeX Info: Redefining \% on input line 148.
 [86 <./figuras/ise.png>]
LaTeX Info: Redefining \. on input line 148.
LaTeX Info: Redefining \% on input line 148.
 [87 <./figuras/edk.png>]
\openout2 = `apendiceB.aux'.

(./apendiceB.tex
Ap\'{e}ndice B.

Overfull \hbox (6.0pt too wide) in paragraph at lines 5--5
[][][][][][][] 
 []

(./code/xilinx.dts
Underfull \vbox (badness 2020) has occurred while \output is active []

 [88



]
Underfull \vbox (badness 10000) has occurred while \output is active []

LaTeX Info: Redefining \. on input line 41.
LaTeX Info: Redefining \% on input line 41.
 [89]
Underfull \vbox (badness 10000) has occurred while \output is active []

LaTeX Info: Redefining \. on input line 71.
LaTeX Info: Redefining \% on input line 71.
 [90]
Underfull \vbox (badness 10000) has occurred while \output is active []

LaTeX Info: Redefining \. on input line 103.
LaTeX Info: Redefining \% on input line 103.
 [91])
LaTeX Info: Redefining \. on input line 7.
LaTeX Info: Redefining \% on input line 7.

[92]
Overfull \hbox (6.0pt too wide) in paragraph at lines 12--12
[][][][][][][] 
 []

(./code/config_kernel
Underfull \vbox (badness 6284) has occurred while \output is active []

LaTeX Info: Redefining \. on input line 30.
LaTeX Info: Redefining \% on input line 30.
 [93]
Underfull \vbox (badness 10000) has occurred while \output is active []

LaTeX Info: Redefining \. on input line 62.
LaTeX Info: Redefining \% on input line 62.
 [94]
Underfull \vbox (badness 10000) has occurred while \output is active []

LaTeX Info: Redefining \. on input line 94.
LaTeX Info: Redefining \% on input line 94.
 [95]
Underfull \vbox (badness 10000) has occurred while \output is active []

LaTeX Info: Redefining \. on input line 125.
LaTeX Info: Redefining \% on input line 125.
 [96]
Underfull \vbox (badness 10000) has occurred while \output is active []

LaTeX Info: Redefining \. on input line 157.
LaTeX Info: Redefining \% on input line 157.
 [97]
Underfull \vbox (badness 10000) has occurred while \output is active []

LaTeX Info: Redefining \. on input line 189.
LaTeX Info: Redefining \% on input line 189.
 [98]
Underfull \vbox (badness 10000) has occurred while \output is active []

LaTeX Info: Redefining \. on input line 221.
LaTeX Info: Redefining \% on input line 221.
 [99]
Underfull \vbox (badness 10000) has occurred while \output is active []

LaTeX Info: Redefining \. on input line 253.
LaTeX Info: Redefining \% on input line 253.
 [100]
Underfull \vbox (badness 10000) has occurred while \output is active []

LaTeX Info: Redefining \. on input line 285.
LaTeX Info: Redefining \% on input line 285.
 [101]
Underfull \vbox (badness 10000) has occurred while \output is active []

LaTeX Info: Redefining \. on input line 317.
LaTeX Info: Redefining \% on input line 317.
 [102]
Underfull \vbox (badness 10000) has occurred while \output is active []

LaTeX Info: Redefining \. on input line 349.
LaTeX Info: Redefining \% on input line 349.
 [103]
Underfull \vbox (badness 10000) has occurred while \output is active []

LaTeX Info: Redefining \. on input line 381.
LaTeX Info: Redefining \% on input line 381.
 [104]
Underfull \vbox (badness 10000) has occurred while \output is active []

LaTeX Info: Redefining \. on input line 412.
LaTeX Info: Redefining \% on input line 412.
 [105]
Underfull \vbox (badness 10000) has occurred while \output is active []

LaTeX Info: Redefining \. on input line 443.
LaTeX Info: Redefining \% on input line 443.
 [106]
Underfull \vbox (badness 10000) has occurred while \output is active []

LaTeX Info: Redefining \. on input line 475.
LaTeX Info: Redefining \% on input line 475.
 [107]
Underfull \vbox (badness 10000) has occurred while \output is active []

LaTeX Info: Redefining \. on input line 507.
LaTeX Info: Redefining \% on input line 507.
 [108]
Underfull \vbox (badness 10000) has occurred while \output is active []

LaTeX Info: Redefining \. on input line 539.
LaTeX Info: Redefining \% on input line 539.
 [109]
Underfull \vbox (badness 10000) has occurred while \output is active []

LaTeX Info: Redefining \. on input line 571.
LaTeX Info: Redefining \% on input line 571.
 [110]
Underfull \vbox (badness 10000) has occurred while \output is active []

LaTeX Info: Redefining \. on input line 603.
LaTeX Info: Redefining \% on input line 603.
 [111]
Underfull \vbox (badness 10000) has occurred while \output is active []

LaTeX Info: Redefining \. on input line 635.
LaTeX Info: Redefining \% on input line 635.
 [112]
Underfull \vbox (badness 10000) has occurred while \output is active []

LaTeX Info: Redefining \. on input line 667.
LaTeX Info: Redefining \% on input line 667.
 [113]
Underfull \vbox (badness 10000) has occurred while \output is active []

LaTeX Info: Redefining \. on input line 699.
LaTeX Info: Redefining \% on input line 699.
 [114]
Underfull \vbox (badness 10000) has occurred while \output is active []

LaTeX Info: Redefining \. on input line 731.
LaTeX Info: Redefining \% on input line 731.
 [115]
Underfull \vbox (badness 10000) has occurred while \output is active []

LaTeX Info: Redefining \. on input line 763.
LaTeX Info: Redefining \% on input line 763.
 [116]
Underfull \vbox (badness 10000) has occurred while \output is active []

LaTeX Info: Redefining \. on input line 795.
LaTeX Info: Redefining \% on input line 795.
 [117]
Underfull \vbox (badness 10000) has occurred while \output is active []

LaTeX Info: Redefining \. on input line 827.
LaTeX Info: Redefining \% on input line 827.
 [118]
Underfull \vbox (badness 10000) has occurred while \output is active []

LaTeX Info: Redefining \. on input line 859.
LaTeX Info: Redefining \% on input line 859.
 [119]
Underfull \vbox (badness 10000) has occurred while \output is active []

LaTeX Info: Redefining \. on input line 892.
LaTeX Info: Redefining \% on input line 892.
 [120]
Underfull \vbox (badness 10000) has occurred while \output is active []

LaTeX Info: Redefining \. on input line 923.
LaTeX Info: Redefining \% on input line 923.
 [121]
Underfull \vbox (badness 10000) has occurred while \output is active []

LaTeX Info: Redefining \. on input line 955.
LaTeX Info: Redefining \% on input line 955.
 [122]
Underfull \vbox (badness 10000) has occurred while \output is active []

LaTeX Info: Redefining \. on input line 987.
LaTeX Info: Redefining \% on input line 987.
 [123]
Underfull \vbox (badness 10000) has occurred while \output is active []

LaTeX Info: Redefining \. on input line 1019.
LaTeX Info: Redefining \% on input line 1019.
 [124]
Underfull \vbox (badness 10000) has occurred while \output is active []

LaTeX Info: Redefining \. on input line 1051.
LaTeX Info: Redefining \% on input line 1051.
 [125]
Underfull \vbox (badness 10000) has occurred while \output is active []

LaTeX Info: Redefining \. on input line 1083.
LaTeX Info: Redefining \% on input line 1083.
 [126]
Underfull \vbox (badness 10000) has occurred while \output is active []

LaTeX Info: Redefining \. on input line 1115.
LaTeX Info: Redefining \% on input line 1115.
 [127]
Underfull \vbox (badness 10000) has occurred while \output is active []

LaTeX Info: Redefining \. on input line 1147.
LaTeX Info: Redefining \% on input line 1147.
 [128]
Underfull \vbox (badness 10000) has occurred while \output is active []

LaTeX Info: Redefining \. on input line 1179.
LaTeX Info: Redefining \% on input line 1179.
 [129]
Underfull \vbox (badness 10000) has occurred while \output is active []

LaTeX Info: Redefining \. on input line 1211.
LaTeX Info: Redefining \% on input line 1211.
 [130]
Underfull \vbox (badness 10000) has occurred while \output is active []

LaTeX Info: Redefining \. on input line 1243.
LaTeX Info: Redefining \% on input line 1243.
 [131]
Underfull \vbox (badness 10000) has occurred while \output is active []

LaTeX Info: Redefining \. on input line 1275.
LaTeX Info: Redefining \% on input line 1275.
 [132]
Underfull \vbox (badness 10000) has occurred while \output is active []

LaTeX Info: Redefining \. on input line 1306.
LaTeX Info: Redefining \% on input line 1306.
 [133]
Underfull \vbox (badness 10000) has occurred while \output is active []

LaTeX Info: Redefining \. on input line 1338.
LaTeX Info: Redefining \% on input line 1338.
 [134]
Underfull \vbox (badness 10000) has occurred while \output is active []

LaTeX Info: Redefining \. on input line 1370.
LaTeX Info: Redefining \% on input line 1370.
 [135]
Underfull \vbox (badness 10000) has occurred while \output is active []

LaTeX Info: Redefining \. on input line 1402.
LaTeX Info: Redefining \% on input line 1402.
 [136]
Underfull \vbox (badness 10000) has occurred while \output is active []

LaTeX Info: Redefining \. on input line 1434.
LaTeX Info: Redefining \% on input line 1434.
 [137]
Underfull \vbox (badness 10000) has occurred while \output is active []

LaTeX Info: Redefining \. on input line 1466.
LaTeX Info: Redefining \% on input line 1466.
 [138]
Underfull \vbox (badness 10000) has occurred while \output is active []

LaTeX Info: Redefining \. on input line 1498.
LaTeX Info: Redefining \% on input line 1498.
 [139]
Underfull \vbox (badness 10000) has occurred while \output is active []

LaTeX Info: Redefining \. on input line 1529.
LaTeX Info: Redefining \% on input line 1529.
 [140]
Underfull \vbox (badness 10000) has occurred while \output is active []

LaTeX Info: Redefining \. on input line 1561.
LaTeX Info: Redefining \% on input line 1561.
 [141]
Underfull \vbox (badness 10000) has occurred while \output is active []

LaTeX Info: Redefining \. on input line 1593.
LaTeX Info: Redefining \% on input line 1593.
 [142]
Underfull \vbox (badness 10000) has occurred while \output is active []

LaTeX Info: Redefining \. on input line 1625.
LaTeX Info: Redefining \% on input line 1625.
 [143]
Underfull \vbox (badness 10000) has occurred while \output is active []

LaTeX Info: Redefining \. on input line 1657.
LaTeX Info: Redefining \% on input line 1657.
 [144]
Underfull \vbox (badness 10000) has occurred while \output is active []

LaTeX Info: Redefining \. on input line 1689.
LaTeX Info: Redefining \% on input line 1689.
 [145]
Underfull \vbox (badness 10000) has occurred while \output is active []

LaTeX Info: Redefining \. on input line 1721.
LaTeX Info: Redefining \% on input line 1721.
 [146]
Underfull \vbox (badness 10000) has occurred while \output is active []

LaTeX Info: Redefining \. on input line 1753.
LaTeX Info: Redefining \% on input line 1753.
 [147]
Underfull \vbox (badness 10000) has occurred while \output is active []

LaTeX Info: Redefining \. on input line 1785.
LaTeX Info: Redefining \% on input line 1785.
 [148]
Underfull \vbox (badness 10000) has occurred while \output is active []

LaTeX Info: Redefining \. on input line 1817.
LaTeX Info: Redefining \% on input line 1817.
 [149]
Underfull \vbox (badness 10000) has occurred while \output is active []

LaTeX Info: Redefining \. on input line 1849.
LaTeX Info: Redefining \% on input line 1849.
 [150]
Underfull \vbox (badness 10000) has occurred while \output is active []

LaTeX Info: Redefining \. on input line 1881.
LaTeX Info: Redefining \% on input line 1881.
 [151]
Underfull \vbox (badness 10000) has occurred while \output is active []

LaTeX Info: Redefining \. on input line 1913.
LaTeX Info: Redefining \% on input line 1913.
 [152]
Underfull \vbox (badness 10000) has occurred while \output is active []

LaTeX Info: Redefining \. on input line 1945.
LaTeX Info: Redefining \% on input line 1945.
 [153]
Underfull \vbox (badness 10000) has occurred while \output is active []

LaTeX Info: Redefining \. on input line 1977.
LaTeX Info: Redefining \% on input line 1977.
 [154]
Underfull \vbox (badness 10000) has occurred while \output is active []

LaTeX Info: Redefining \. on input line 2009.
LaTeX Info: Redefining \% on input line 2009.
 [155]
Underfull \vbox (badness 10000) has occurred while \output is active []

LaTeX Info: Redefining \. on input line 2041.
LaTeX Info: Redefining \% on input line 2041.
 [156]
Underfull \vbox (badness 10000) has occurred while \output is active []

LaTeX Info: Redefining \. on input line 2073.
LaTeX Info: Redefining \% on input line 2073.
 [157]
Underfull \vbox (badness 10000) has occurred while \output is active []

LaTeX Info: Redefining \. on input line 2105.
LaTeX Info: Redefining \% on input line 2105.
 [158]
Underfull \vbox (badness 10000) has occurred while \output is active []

LaTeX Info: Redefining \. on input line 2137.
LaTeX Info: Redefining \% on input line 2137.
 [159]
Underfull \vbox (badness 10000) has occurred while \output is active []

LaTeX Info: Redefining \. on input line 2169.
LaTeX Info: Redefining \% on input line 2169.
 [160]
Underfull \vbox (badness 10000) has occurred while \output is active []

LaTeX Info: Redefining \. on input line 2201.
LaTeX Info: Redefining \% on input line 2201.
 [161]
Underfull \vbox (badness 10000) has occurred while \output is active []

LaTeX Info: Redefining \. on input line 2233.
LaTeX Info: Redefining \% on input line 2233.
 [162]
Underfull \vbox (badness 10000) has occurred while \output is active []

LaTeX Info: Redefining \. on input line 2265.
LaTeX Info: Redefining \% on input line 2265.
 [163]
Underfull \vbox (badness 10000) has occurred while \output is active []

LaTeX Info: Redefining \. on input line 2297.
LaTeX Info: Redefining \% on input line 2297.
 [164]
Underfull \vbox (badness 10000) has occurred while \output is active []

LaTeX Info: Redefining \. on input line 2329.
LaTeX Info: Redefining \% on input line 2329.
 [165]
Underfull \vbox (badness 10000) has occurred while \output is active []

LaTeX Info: Redefining \. on input line 2361.
LaTeX Info: Redefining \% on input line 2361.
 [166]
Underfull \vbox (badness 10000) has occurred while \output is active []

LaTeX Info: Redefining \. on input line 2393.
LaTeX Info: Redefining \% on input line 2393.
 [167]
Underfull \vbox (badness 10000) has occurred while \output is active []

LaTeX Info: Redefining \. on input line 2425.
LaTeX Info: Redefining \% on input line 2425.
 [168]
Underfull \vbox (badness 10000) has occurred while \output is active []

LaTeX Info: Redefining \. on input line 2455.
LaTeX Info: Redefining \% on input line 2455.
 [169]
Underfull \vbox (badness 10000) has occurred while \output is active []

LaTeX Info: Redefining \. on input line 2487.
LaTeX Info: Redefining \% on input line 2487.
 [170]
Underfull \vbox (badness 10000) has occurred while \output is active []

LaTeX Info: Redefining \. on input line 2519.
LaTeX Info: Redefining \% on input line 2519.
 [171]
Underfull \vbox (badness 10000) has occurred while \output is active []

LaTeX Info: Redefining \. on input line 2551.
LaTeX Info: Redefining \% on input line 2551.
 [172])
LaTeX Info: Redefining \. on input line 17.
LaTeX Info: Redefining \% on input line 17.

[173]
Overfull \hbox (6.0pt too wide) in paragraph at lines 17--17
[][][][][][][] 
 []

(./code/config_buildroot
Underfull \vbox (badness 10000) has occurred while \output is active []

LaTeX Info: Redefining \. on input line 33.
LaTeX Info: Redefining \% on input line 33.
 [174]
Underfull \vbox (badness 10000) has occurred while \output is active []

LaTeX Info: Redefining \. on input line 65.
LaTeX Info: Redefining \% on input line 65.
 [175]
Underfull \vbox (badness 10000) has occurred while \output is active []

LaTeX Info: Redefining \. on input line 97.
LaTeX Info: Redefining \% on input line 97.
 [176]
Underfull \vbox (badness 10000) has occurred while \output is active []

LaTeX Info: Redefining \. on input line 128.
LaTeX Info: Redefining \% on input line 128.
 [177]
Underfull \vbox (badness 10000) has occurred while \output is active []

LaTeX Info: Redefining \. on input line 157.
LaTeX Info: Redefining \% on input line 157.
 [178]
Underfull \vbox (badness 10000) has occurred while \output is active []

LaTeX Info: Redefining \. on input line 187.
LaTeX Info: Redefining \% on input line 187.
 [179]
Underfull \vbox (badness 10000) has occurred while \output is active []

LaTeX Info: Redefining \. on input line 219.
LaTeX Info: Redefining \% on input line 219.
 [180]
Underfull \vbox (badness 10000) has occurred while \output is active []

LaTeX Info: Redefining \. on input line 251.
LaTeX Info: Redefining \% on input line 251.
 [181]
Underfull \vbox (badness 10000) has occurred while \output is active []

LaTeX Info: Redefining \. on input line 283.
LaTeX Info: Redefining \% on input line 283.
 [182]
Underfull \vbox (badness 10000) has occurred while \output is active []

LaTeX Info: Redefining \. on input line 315.
LaTeX Info: Redefining \% on input line 315.
 [183]
Underfull \vbox (badness 10000) has occurred while \output is active []

LaTeX Info: Redefining \. on input line 347.
LaTeX Info: Redefining \% on input line 347.
 [184]
Underfull \vbox (badness 10000) has occurred while \output is active []

LaTeX Info: Redefining \. on input line 379.
LaTeX Info: Redefining \% on input line 379.
 [185]
Underfull \vbox (badness 10000) has occurred while \output is active []

LaTeX Info: Redefining \. on input line 410.
LaTeX Info: Redefining \% on input line 410.
 [186]
Underfull \vbox (badness 10000) has occurred while \output is active []

LaTeX Info: Redefining \. on input line 442.
LaTeX Info: Redefining \% on input line 442.
 [187]
Underfull \vbox (badness 10000) has occurred while \output is active []

LaTeX Info: Redefining \. on input line 474.
LaTeX Info: Redefining \% on input line 474.
 [188]
Underfull \vbox (badness 10000) has occurred while \output is active []

LaTeX Info: Redefining \. on input line 507.
LaTeX Info: Redefining \% on input line 507.
 [189]
Underfull \vbox (badness 10000) has occurred while \output is active []

LaTeX Info: Redefining \. on input line 538.
LaTeX Info: Redefining \% on input line 538.
 [190]
Underfull \vbox (badness 10000) has occurred while \output is active []

LaTeX Info: Redefining \. on input line 570.
LaTeX Info: Redefining \% on input line 570.
 [191]
Underfull \vbox (badness 10000) has occurred while \output is active []

LaTeX Info: Redefining \. on input line 602.
LaTeX Info: Redefining \% on input line 602.
 [192]
Underfull \vbox (badness 10000) has occurred while \output is active []

LaTeX Info: Redefining \. on input line 634.
LaTeX Info: Redefining \% on input line 634.
 [193]
Underfull \vbox (badness 10000) has occurred while \output is active []

LaTeX Info: Redefining \. on input line 666.
LaTeX Info: Redefining \% on input line 666.
 [194]
Underfull \vbox (badness 10000) has occurred while \output is active []

LaTeX Info: Redefining \. on input line 698.
LaTeX Info: Redefining \% on input line 698.
 [195]
Underfull \vbox (badness 10000) has occurred while \output is active []

LaTeX Info: Redefining \. on input line 730.
LaTeX Info: Redefining \% on input line 730.
 [196]
Underfull \vbox (badness 10000) has occurred while \output is active []

LaTeX Info: Redefining \. on input line 762.
LaTeX Info: Redefining \% on input line 762.
 [197]
Underfull \vbox (badness 10000) has occurred while \output is active []

LaTeX Info: Redefining \. on input line 792.
LaTeX Info: Redefining \% on input line 792.
 [198]
Underfull \vbox (badness 10000) has occurred while \output is active []

LaTeX Info: Redefining \. on input line 824.
LaTeX Info: Redefining \% on input line 824.
 [199])
Overfull \hbox (6.0pt too wide) in paragraph at lines 21--21
[][][][][][][] 
 []

LaTeX Info: Redefining \. on input line 21.
LaTeX Info: Redefining \% on input line 21.
[200] (./code/xupv2salida
Underfull \vbox (badness 10000) has occurred while \output is active []

LaTeX Info: Redefining \. on input line 24.
LaTeX Info: Redefining \% on input line 24.
 [201]
Underfull \vbox (badness 10000) has occurred while \output is active []

LaTeX Info: Redefining \. on input line 46.
LaTeX Info: Redefining \% on input line 46.
 [202]
Underfull \vbox (badness 10000) has occurred while \output is active []

LaTeX Info: Redefining \. on input line 68.
LaTeX Info: Redefining \% on input line 68.
 [203]
Underfull \vbox (badness 10000) has occurred while \output is active []

LaTeX Info: Redefining \. on input line 90.
LaTeX Info: Redefining \% on input line 90.
 [204]
Underfull \vbox (badness 10000) has occurred while \output is active []

LaTeX Info: Redefining \. on input line 115.
LaTeX Info: Redefining \% on input line 115.
 [205]
Underfull \vbox (badness 10000) has occurred while \output is active []

LaTeX Info: Redefining \. on input line 145.
LaTeX Info: Redefining \% on input line 145.
 [206]
Underfull \vbox (badness 10000) has occurred while \output is active []

LaTeX Info: Redefining \. on input line 170.
LaTeX Info: Redefining \% on input line 170.
 [207]
Underfull \vbox (badness 10000) has occurred while \output is active []

LaTeX Info: Redefining \. on input line 195.
LaTeX Info: Redefining \% on input line 195.
 [208]
Underfull \vbox (badness 10000) has occurred while \output is active []

LaTeX Info: Redefining \. on input line 211.
LaTeX Info: Redefining \% on input line 211.
 [209]
Underfull \vbox (badness 10000) has occurred while \output is active []

LaTeX Info: Redefining \. on input line 227.
LaTeX Info: Redefining \% on input line 227.
 [210]
Underfull \vbox (badness 10000) has occurred while \output is active []

LaTeX Info: Redefining \. on input line 250.
LaTeX Info: Redefining \% on input line 250.
 [211]
Underfull \vbox (badness 10000) has occurred while \output is active []

LaTeX Info: Redefining \. on input line 282.
LaTeX Info: Redefining \% on input line 282.
 [212])
Overfull \hbox (6.0pt too wide) in paragraph at lines 27--27
[][][][][][][] 
 []

(./code/configure.txt
Underfull \vbox (badness 1112) has occurred while \output is active []

LaTeX Info: Redefining \. on input line 20.
LaTeX Info: Redefining \% on input line 20.
 [213]
Underfull \vbox (badness 10000) has occurred while \output is active []

LaTeX Info: Redefining \. on input line 36.
LaTeX Info: Redefining \% on input line 36.
 [214]
Underfull \vbox (badness 10000) has occurred while \output is active []

LaTeX Info: Redefining \. on input line 56.
LaTeX Info: Redefining \% on input line 56.
 [215]
Underfull \vbox (badness 10000) has occurred while \output is active []

LaTeX Info: Redefining \. on input line 72.
LaTeX Info: Redefining \% on input line 72.
 [216]
Underfull \vbox (badness 10000) has occurred while \output is active []

LaTeX Info: Redefining \. on input line 100.
LaTeX Info: Redefining \% on input line 100.
 [217]
Underfull \vbox (badness 10000) has occurred while \output is active []

LaTeX Info: Redefining \. on input line 128.
LaTeX Info: Redefining \% on input line 128.
 [218]
Underfull \vbox (badness 10000) has occurred while \output is active []

LaTeX Info: Redefining \. on input line 156.
LaTeX Info: Redefining \% on input line 156.
 [219]
Underfull \vbox (badness 10000) has occurred while \output is active []

LaTeX Info: Redefining \. on input line 188.
LaTeX Info: Redefining \% on input line 188.
 [220]
Underfull \vbox (badness 10000) has occurred while \output is active []

LaTeX Info: Redefining \. on input line 218.
LaTeX Info: Redefining \% on input line 218.
 [221]
Underfull \vbox (badness 10000) has occurred while \output is active []

LaTeX Info: Redefining \. on input line 245.
LaTeX Info: Redefining \% on input line 245.
 [222]
Underfull \vbox (badness 10000) has occurred while \output is active []

LaTeX Info: Redefining \. on input line 273.
LaTeX Info: Redefining \% on input line 273.
 [223]
Underfull \vbox (badness 10000) has occurred while \output is active []

LaTeX Info: Redefining \. on input line 304.
LaTeX Info: Redefining \% on input line 304.
 [224]
Underfull \vbox (badness 10000) has occurred while \output is active []

LaTeX Info: Redefining \. on input line 328.
LaTeX Info: Redefining \% on input line 328.
 [225]
Underfull \vbox (badness 10000) has occurred while \output is active []

LaTeX Info: Redefining \. on input line 347.
LaTeX Info: Redefining \% on input line 347.
 [226]
Underfull \vbox (badness 10000) has occurred while \output is active []

LaTeX Info: Redefining \. on input line 364.
LaTeX Info: Redefining \% on input line 364.
 [227]
Underfull \vbox (badness 10000) has occurred while \output is active []

LaTeX Info: Redefining \. on input line 381.
LaTeX Info: Redefining \% on input line 381.
 [228]
Underfull \vbox (badness 10000) has occurred while \output is active []

LaTeX Info: Redefining \. on input line 395.
LaTeX Info: Redefining \% on input line 395.
 [229]
Underfull \vbox (badness 10000) has occurred while \output is active []

LaTeX Info: Redefining \. on input line 408.
LaTeX Info: Redefining \% on input line 408.
 [230]
Underfull \vbox (badness 10000) has occurred while \output is active []

LaTeX Info: Redefining \. on input line 440.
LaTeX Info: Redefining \% on input line 440.
 [231])
Overfull \hbox (6.0pt too wide) in paragraph at lines 32--32
[][][][][][][] 
 []

(./code/freshclam.conf
Underfull \vbox (badness 1112) has occurred while \output is active []

LaTeX Info: Redefining \. on input line 4.
LaTeX Info: Redefining \% on input line 4.
 [232]
Underfull \vbox (badness 10000) has occurred while \output is active []

LaTeX Info: Redefining \. on input line 33.
LaTeX Info: Redefining \% on input line 33.
 [233]
Underfull \vbox (badness 10000) has occurred while \output is active []

LaTeX Info: Redefining \. on input line 58.
LaTeX Info: Redefining \% on input line 58.
 [234]
Underfull \vbox (badness 10000) has occurred while \output is active []

LaTeX Info: Redefining \. on input line 81.
LaTeX Info: Redefining \% on input line 81.
 [235]
Underfull \vbox (badness 10000) has occurred while \output is active []

LaTeX Info: Redefining \. on input line 107.
LaTeX Info: Redefining \% on input line 107.
 [236]
Underfull \vbox (badness 10000) has occurred while \output is active []

LaTeX Info: Redefining \. on input line 135.
LaTeX Info: Redefining \% on input line 135.
 [237]
Underfull \vbox (badness 10000) has occurred while \output is active []

LaTeX Info: Redefining \. on input line 162.
LaTeX Info: Redefining \% on input line 162.
 [238]
Underfull \vbox (badness 10000) has occurred while \output is active []

LaTeX Info: Redefining \. on input line 181.
LaTeX Info: Redefining \% on input line 181.
 [239]
Underfull \vbox (badness 10000) has occurred while \output is active []

LaTeX Info: Redefining \. on input line 200.
LaTeX Info: Redefining \% on input line 200.
 [240]))
LaTeX Info: Redefining \. on input line 149.
LaTeX Info: Redefining \% on input line 149.

[241] (./PT_02.bbl
Underfull \hbox (badness 10000) in paragraph at lines 52--58
[]\T1/lmr/m/n/12 Linux Foun-da-tion.  \T1/lmr/m/it/12 What Is Li-nux: An Over-v
iew of
 []


Underfull \hbox (badness 10000) in paragraph at lines 52--58
\T1/lmr/m/it/12 the Li-nux Ope-ra-ting Sys-tem\T1/lmr/m/n/12 .  Li-nux Foun-da-
tion, 2009.
 []


Underfull \hbox (badness 10000) in paragraph at lines 52--58
\T1/lmr/m/n/12 URL [][]$\T1/lmtt/m/n/12 https : / / www . linux . com / learn /
 resource-[]center /
 []


Overfull \hbox (4.43298pt too wide) in paragraph at lines 52--58
\T1/lmtt/m/n/12 376-[]linux-[]is-[]everywhere-[]an-[]overview-[]of-[]the-[]linu
x-[]operating-[]system$[][]\T1/lmr/m/n/12 . 
 []

[242



]
Underfull \hbox (badness 2762) in paragraph at lines 90--94
[]\T1/lmr/m/n/12 Oscar Al-va-ra-do Na-va.  \T1/lmr/m/it/12 Im-ple-men-ta-cin e
n FP-GAs de Al-go-rit-mos de
 []

LaTeX Info: Redefining \. on input line 143.
LaTeX Info: Redefining \% on input line 143.
[243])

Package natbib Warning: There were undefined citations.

Package atveryend Info: Empty hook `BeforeClearDocument' on input line 156.
LaTeX Info: Redefining \. on input line 156.
LaTeX Info: Redefining \% on input line 156.
[244]
Package atveryend Info: Empty hook `AfterLastShipout' on input line 156.
 (./PT_02.aux (./titlepage.aux)
LaTeX Info: Redefining \. on input line 24.
LaTeX Info: Redefining \% on input line 24.
 (./resumen.aux) (./abstract.aux)
(./gracias.aux) (./intro.aux) (./fpga.aux) (./diseno.aux) (./soperativo.aux)
(./compilacion.aux) (./filesystem.aux) (./minimal.aux) (./antivirus.aux)
(./implementacion.aux) (./apendiceA.aux) (./apendiceB.aux))
Package atveryend Info: Executing hook `AtVeryEndDocument' on input line 156.
Package atveryend Info: Executing hook `AtEndAfterFileList' on input line 156.
Package rerunfilecheck Info: File `PT_02.out' has not changed.
(rerunfilecheck)             Checksum: 9595115650C7E283824A2DC08F6124DB;5454.


LaTeX Warning: There were multiply-defined labels.

Package atveryend Info: Empty hook `AtVeryVeryEnd' on input line 156.
 ) 
Here is how much of TeX's memory you used:
 24912 strings out of 493485
 439907 string characters out of 3143526
 513381 words of memory out of 3000000
 22784 multiletter control sequences out of 15000+200000
 92023 words of font info for 58 fonts, out of 3000000 for 9000
 957 hyphenation exceptions out of 8191
 44i,12n,51p,393b,1995s stack positions out of 5000i,500n,10000p,200000b,50000s
{/usr/share/texmf/fonts/enc/dvips/lm/lm-ts1.enc}{/usr/share/texmf/fonts/enc/d
vips/lm/lm-mathit.enc}{/usr/share/texmf/fonts/enc/dvips/lm/lm-mathsy.enc}{/usr/
share/texmf/fonts/enc/dvips/lm/lm-ec.enc}</usr/share/texmf/fonts/type1/public/l
m/lmbx12.pfb></usr/share/texmf/fonts/type1/public/lm/lmbxi10.pfb></usr/share/te
xmf/fonts/type1/public/lm/lmcsc10.pfb></usr/share/texmf/fonts/type1/public/lm/l
mmi12.pfb></usr/share/texmf/fonts/type1/public/lm/lmr10.pfb></usr/share/texmf/f
onts/type1/public/lm/lmr12.pfb></usr/share/texmf/fonts/type1/public/lm/lmr7.pfb
></usr/share/texmf/fonts/type1/public/lm/lmr8.pfb></usr/share/texmf/fonts/type1
/public/lm/lmri10.pfb></usr/share/texmf/fonts/type1/public/lm/lmri12.pfb></usr/
share/texmf/fonts/type1/public/lm/lmsy10.pfb></usr/share/texmf/fonts/type1/publ
ic/lm/lmtk10.pfb></usr/share/texmf/fonts/type1/public/lm/lmtt12.pfb>
Output written on PT_02.pdf (244 pages, 2826731 bytes).
PDF statistics:
 7456 PDF objects out of 8907 (max. 8388607)
 7091 compressed objects within 71 object streams
 5061 named destinations out of 5155 (max. 500000)
 767 words of extra memory for PDF output out of 10000 (max. 10000000)

